{"/home/splashxxx/ai_os_plugin/src/services/agent.ts": {"path":"/home/splashxxx/ai_os_plugin/src/services/agent.ts","all":false,"statementMap":{"3":{"start":{"line":4,"column":0},"end":{"line":4,"column":34}},"9":{"start":{"line":10,"column":0},"end":{"line":10,"column":81}},"12":{"start":{"line":13,"column":0},"end":{"line":13,"column":92}},"41":{"start":{"line":42,"column":0},"end":{"line":42,"column":27}},"42":{"start":{"line":43,"column":0},"end":{"line":43,"column":53}},"43":{"start":{"line":44,"column":0},"end":{"line":44,"column":43}},"44":{"start":{"line":45,"column":0},"end":{"line":45,"column":40}},"45":{"start":{"line":46,"column":0},"end":{"line":46,"column":45}},"46":{"start":{"line":47,"column":0},"end":{"line":47,"column":45}},"47":{"start":{"line":48,"column":0},"end":{"line":48,"column":40}},"52":{"start":{"line":53,"column":0},"end":{"line":53,"column":60}},"53":{"start":{"line":54,"column":0},"end":{"line":54,"column":77}},"54":{"start":{"line":55,"column":0},"end":{"line":55,"column":29}},"55":{"start":{"line":56,"column":0},"end":{"line":56,"column":3}},"60":{"start":{"line":61,"column":0},"end":{"line":61,"column":56}},"61":{"start":{"line":62,"column":0},"end":{"line":62,"column":84}},"62":{"start":{"line":63,"column":0},"end":{"line":63,"column":28}},"63":{"start":{"line":64,"column":0},"end":{"line":64,"column":3}},"68":{"start":{"line":69,"column":0},"end":{"line":69,"column":50}},"69":{"start":{"line":70,"column":0},"end":{"line":70,"column":68}},"70":{"start":{"line":71,"column":0},"end":{"line":71,"column":26}},"71":{"start":{"line":72,"column":0},"end":{"line":72,"column":3}},"76":{"start":{"line":77,"column":0},"end":{"line":77,"column":41}},"77":{"start":{"line":78,"column":0},"end":{"line":78,"column":71}},"78":{"start":{"line":79,"column":0},"end":{"line":79,"column":24}},"79":{"start":{"line":80,"column":0},"end":{"line":80,"column":3}},"84":{"start":{"line":85,"column":0},"end":{"line":85,"column":28}},"85":{"start":{"line":86,"column":0},"end":{"line":86,"column":69}},"86":{"start":{"line":87,"column":0},"end":{"line":87,"column":134}},"87":{"start":{"line":88,"column":0},"end":{"line":88,"column":16}},"88":{"start":{"line":89,"column":0},"end":{"line":89,"column":3}},"93":{"start":{"line":94,"column":0},"end":{"line":94,"column":41}},"94":{"start":{"line":95,"column":0},"end":{"line":95,"column":79}},"95":{"start":{"line":96,"column":0},"end":{"line":96,"column":27}},"96":{"start":{"line":97,"column":0},"end":{"line":97,"column":3}},"101":{"start":{"line":102,"column":0},"end":{"line":102,"column":50}},"102":{"start":{"line":103,"column":0},"end":{"line":103,"column":71}},"103":{"start":{"line":104,"column":0},"end":{"line":104,"column":82}},"104":{"start":{"line":105,"column":0},"end":{"line":105,"column":18}},"105":{"start":{"line":106,"column":0},"end":{"line":106,"column":3}},"111":{"start":{"line":112,"column":0},"end":{"line":112,"column":57}},"112":{"start":{"line":113,"column":0},"end":{"line":113,"column":70}},"113":{"start":{"line":114,"column":0},"end":{"line":114,"column":117}},"116":{"start":{"line":117,"column":0},"end":{"line":117,"column":44}},"117":{"start":{"line":118,"column":0},"end":{"line":118,"column":95}},"118":{"start":{"line":119,"column":0},"end":{"line":119,"column":6}},"119":{"start":{"line":120,"column":0},"end":{"line":120,"column":98}},"122":{"start":{"line":123,"column":0},"end":{"line":123,"column":76}},"123":{"start":{"line":124,"column":0},"end":{"line":124,"column":26}},"125":{"start":{"line":126,"column":0},"end":{"line":126,"column":46}},"126":{"start":{"line":127,"column":0},"end":{"line":127,"column":60}},"127":{"start":{"line":128,"column":0},"end":{"line":128,"column":23}},"128":{"start":{"line":129,"column":0},"end":{"line":129,"column":113}},"129":{"start":{"line":130,"column":0},"end":{"line":130,"column":78}},"130":{"start":{"line":131,"column":0},"end":{"line":131,"column":9}},"131":{"start":{"line":132,"column":0},"end":{"line":132,"column":7}},"132":{"start":{"line":133,"column":0},"end":{"line":133,"column":5}},"135":{"start":{"line":136,"column":0},"end":{"line":136,"column":35}},"136":{"start":{"line":137,"column":0},"end":{"line":137,"column":109}},"137":{"start":{"line":138,"column":0},"end":{"line":138,"column":18}},"138":{"start":{"line":139,"column":0},"end":{"line":139,"column":5}},"141":{"start":{"line":142,"column":0},"end":{"line":142,"column":44}},"142":{"start":{"line":143,"column":0},"end":{"line":143,"column":72}},"143":{"start":{"line":144,"column":0},"end":{"line":144,"column":34}},"144":{"start":{"line":145,"column":0},"end":{"line":145,"column":34}},"145":{"start":{"line":146,"column":0},"end":{"line":146,"column":102}},"146":{"start":{"line":147,"column":0},"end":{"line":147,"column":66}},"147":{"start":{"line":148,"column":0},"end":{"line":148,"column":7}},"148":{"start":{"line":149,"column":0},"end":{"line":149,"column":5}},"150":{"start":{"line":151,"column":0},"end":{"line":151,"column":70}},"151":{"start":{"line":152,"column":0},"end":{"line":152,"column":16}},"152":{"start":{"line":153,"column":0},"end":{"line":153,"column":3}},"157":{"start":{"line":158,"column":0},"end":{"line":158,"column":73}},"158":{"start":{"line":159,"column":0},"end":{"line":159,"column":102}},"160":{"start":{"line":161,"column":0},"end":{"line":161,"column":24}},"161":{"start":{"line":162,"column":0},"end":{"line":162,"column":87}},"162":{"start":{"line":163,"column":0},"end":{"line":163,"column":19}},"163":{"start":{"line":164,"column":0},"end":{"line":164,"column":5}},"165":{"start":{"line":166,"column":0},"end":{"line":166,"column":26}},"166":{"start":{"line":167,"column":0},"end":{"line":167,"column":76}},"167":{"start":{"line":168,"column":0},"end":{"line":168,"column":19}},"168":{"start":{"line":169,"column":0},"end":{"line":169,"column":5}},"171":{"start":{"line":172,"column":0},"end":{"line":172,"column":92}},"172":{"start":{"line":173,"column":0},"end":{"line":173,"column":16}},"173":{"start":{"line":174,"column":0},"end":{"line":174,"column":100}},"174":{"start":{"line":175,"column":0},"end":{"line":175,"column":19}},"175":{"start":{"line":176,"column":0},"end":{"line":176,"column":5}},"177":{"start":{"line":178,"column":0},"end":{"line":178,"column":9}},"179":{"start":{"line":180,"column":0},"end":{"line":180,"column":96}},"180":{"start":{"line":181,"column":0},"end":{"line":181,"column":15}},"181":{"start":{"line":182,"column":0},"end":{"line":182,"column":102}},"182":{"start":{"line":183,"column":0},"end":{"line":183,"column":14}},"183":{"start":{"line":184,"column":0},"end":{"line":184,"column":88}},"184":{"start":{"line":185,"column":0},"end":{"line":185,"column":7}},"185":{"start":{"line":186,"column":0},"end":{"line":186,"column":16}},"186":{"start":{"line":187,"column":0},"end":{"line":187,"column":21}},"187":{"start":{"line":188,"column":0},"end":{"line":188,"column":113}},"188":{"start":{"line":189,"column":0},"end":{"line":189,"column":19}},"189":{"start":{"line":190,"column":0},"end":{"line":190,"column":5}},"190":{"start":{"line":191,"column":0},"end":{"line":191,"column":3}},"195":{"start":{"line":196,"column":0},"end":{"line":196,"column":95}},"196":{"start":{"line":197,"column":0},"end":{"line":197,"column":65}},"198":{"start":{"line":199,"column":0},"end":{"line":199,"column":45}},"200":{"start":{"line":201,"column":0},"end":{"line":201,"column":21}},"201":{"start":{"line":202,"column":0},"end":{"line":202,"column":65}},"202":{"start":{"line":203,"column":0},"end":{"line":203,"column":80}},"203":{"start":{"line":204,"column":0},"end":{"line":204,"column":40}},"204":{"start":{"line":205,"column":0},"end":{"line":205,"column":5}},"206":{"start":{"line":207,"column":0},"end":{"line":207,"column":49}},"207":{"start":{"line":208,"column":0},"end":{"line":208,"column":90}},"210":{"start":{"line":211,"column":0},"end":{"line":211,"column":34}},"211":{"start":{"line":212,"column":0},"end":{"line":212,"column":104}},"212":{"start":{"line":213,"column":0},"end":{"line":213,"column":62}},"213":{"start":{"line":214,"column":0},"end":{"line":214,"column":19}},"214":{"start":{"line":215,"column":0},"end":{"line":215,"column":94}},"215":{"start":{"line":216,"column":0},"end":{"line":216,"column":71}},"216":{"start":{"line":217,"column":0},"end":{"line":217,"column":7}},"217":{"start":{"line":218,"column":0},"end":{"line":218,"column":5}},"220":{"start":{"line":221,"column":0},"end":{"line":221,"column":37}},"221":{"start":{"line":222,"column":0},"end":{"line":222,"column":65}},"222":{"start":{"line":223,"column":0},"end":{"line":223,"column":6}},"223":{"start":{"line":224,"column":0},"end":{"line":224,"column":17}},"224":{"start":{"line":225,"column":0},"end":{"line":225,"column":40}},"225":{"start":{"line":226,"column":0},"end":{"line":226,"column":70}},"226":{"start":{"line":227,"column":0},"end":{"line":227,"column":12}},"227":{"start":{"line":228,"column":0},"end":{"line":228,"column":42}},"228":{"start":{"line":229,"column":0},"end":{"line":229,"column":136}},"229":{"start":{"line":230,"column":0},"end":{"line":230,"column":5}},"232":{"start":{"line":233,"column":0},"end":{"line":233,"column":24}},"233":{"start":{"line":234,"column":0},"end":{"line":234,"column":72}},"234":{"start":{"line":235,"column":0},"end":{"line":235,"column":73}},"235":{"start":{"line":236,"column":0},"end":{"line":236,"column":44}},"236":{"start":{"line":237,"column":0},"end":{"line":237,"column":42}},"237":{"start":{"line":238,"column":0},"end":{"line":238,"column":44}},"238":{"start":{"line":239,"column":0},"end":{"line":239,"column":42}},"239":{"start":{"line":240,"column":0},"end":{"line":240,"column":194}},"240":{"start":{"line":241,"column":0},"end":{"line":241,"column":11}},"241":{"start":{"line":242,"column":0},"end":{"line":242,"column":101}},"242":{"start":{"line":243,"column":0},"end":{"line":243,"column":84}},"243":{"start":{"line":244,"column":0},"end":{"line":244,"column":23}},"244":{"start":{"line":245,"column":0},"end":{"line":245,"column":113}},"245":{"start":{"line":246,"column":0},"end":{"line":246,"column":7}},"246":{"start":{"line":247,"column":0},"end":{"line":247,"column":12}},"247":{"start":{"line":248,"column":0},"end":{"line":248,"column":70}},"248":{"start":{"line":249,"column":0},"end":{"line":249,"column":5}},"250":{"start":{"line":251,"column":0},"end":{"line":251,"column":38}},"251":{"start":{"line":252,"column":0},"end":{"line":252,"column":3}},"257":{"start":{"line":258,"column":0},"end":{"line":258,"column":60}},"258":{"start":{"line":259,"column":0},"end":{"line":259,"column":78}},"261":{"start":{"line":262,"column":0},"end":{"line":262,"column":38}},"262":{"start":{"line":263,"column":0},"end":{"line":263,"column":29}},"263":{"start":{"line":264,"column":0},"end":{"line":264,"column":78}},"264":{"start":{"line":265,"column":0},"end":{"line":265,"column":5}},"265":{"start":{"line":266,"column":0},"end":{"line":266,"column":35}},"266":{"start":{"line":267,"column":0},"end":{"line":267,"column":137}},"269":{"start":{"line":270,"column":0},"end":{"line":270,"column":70}},"270":{"start":{"line":271,"column":0},"end":{"line":271,"column":40}},"271":{"start":{"line":272,"column":0},"end":{"line":272,"column":51}},"272":{"start":{"line":273,"column":0},"end":{"line":273,"column":152}},"273":{"start":{"line":274,"column":0},"end":{"line":274,"column":13}},"274":{"start":{"line":275,"column":0},"end":{"line":275,"column":5}},"275":{"start":{"line":276,"column":0},"end":{"line":276,"column":15}},"276":{"start":{"line":277,"column":0},"end":{"line":277,"column":92}},"277":{"start":{"line":278,"column":0},"end":{"line":278,"column":11}},"278":{"start":{"line":279,"column":0},"end":{"line":279,"column":47}},"279":{"start":{"line":280,"column":0},"end":{"line":280,"column":149}},"280":{"start":{"line":281,"column":0},"end":{"line":281,"column":23}},"281":{"start":{"line":282,"column":0},"end":{"line":282,"column":107}},"282":{"start":{"line":283,"column":0},"end":{"line":283,"column":7}},"283":{"start":{"line":284,"column":0},"end":{"line":284,"column":12}},"284":{"start":{"line":285,"column":0},"end":{"line":285,"column":72}},"285":{"start":{"line":286,"column":0},"end":{"line":286,"column":5}},"286":{"start":{"line":287,"column":0},"end":{"line":287,"column":3}},"292":{"start":{"line":293,"column":0},"end":{"line":293,"column":83}},"293":{"start":{"line":294,"column":0},"end":{"line":294,"column":93}},"295":{"start":{"line":296,"column":0},"end":{"line":296,"column":90}},"296":{"start":{"line":297,"column":0},"end":{"line":297,"column":101}},"297":{"start":{"line":298,"column":0},"end":{"line":298,"column":13}},"298":{"start":{"line":299,"column":0},"end":{"line":299,"column":5}},"300":{"start":{"line":301,"column":0},"end":{"line":301,"column":24}},"301":{"start":{"line":302,"column":0},"end":{"line":302,"column":108}},"302":{"start":{"line":303,"column":0},"end":{"line":303,"column":11}},"303":{"start":{"line":304,"column":0},"end":{"line":304,"column":83}},"304":{"start":{"line":305,"column":0},"end":{"line":305,"column":46}},"305":{"start":{"line":306,"column":0},"end":{"line":306,"column":44}},"306":{"start":{"line":307,"column":0},"end":{"line":307,"column":46}},"307":{"start":{"line":308,"column":0},"end":{"line":308,"column":44}},"308":{"start":{"line":309,"column":0},"end":{"line":309,"column":91}},"309":{"start":{"line":310,"column":0},"end":{"line":310,"column":94}},"310":{"start":{"line":311,"column":0},"end":{"line":311,"column":23}},"311":{"start":{"line":312,"column":0},"end":{"line":312,"column":123}},"312":{"start":{"line":313,"column":0},"end":{"line":313,"column":7}},"313":{"start":{"line":314,"column":0},"end":{"line":314,"column":12}},"314":{"start":{"line":315,"column":0},"end":{"line":315,"column":74}},"315":{"start":{"line":316,"column":0},"end":{"line":316,"column":5}},"316":{"start":{"line":317,"column":0},"end":{"line":317,"column":3}},"321":{"start":{"line":322,"column":0},"end":{"line":322,"column":86}},"322":{"start":{"line":323,"column":0},"end":{"line":323,"column":84}},"323":{"start":{"line":324,"column":0},"end":{"line":324,"column":92}},"324":{"start":{"line":325,"column":0},"end":{"line":325,"column":3}},"325":{"start":{"line":326,"column":0},"end":{"line":326,"column":1}}},"s":{"3":1,"9":1,"12":1,"41":1,"42":59,"43":59,"44":59,"45":59,"46":59,"47":59,"52":59,"53":33,"54":33,"55":33,"60":59,"61":48,"62":48,"63":48,"68":59,"69":4,"70":4,"71":4,"76":59,"77":3,"78":3,"79":3,"84":59,"85":7,"86":7,"87":7,"88":7,"93":59,"94":4,"95":4,"96":4,"101":59,"102":95,"103":95,"104":95,"105":95,"111":59,"112":53,"113":53,"116":53,"117":53,"118":53,"119":53,"122":53,"123":53,"125":9,"126":13,"127":13,"128":9,"129":9,"130":9,"131":13,"132":0,"135":53,"136":4,"137":4,"138":4,"141":53,"142":89,"143":89,"144":33,"145":33,"146":33,"147":33,"148":89,"150":7,"151":7,"152":53,"157":59,"158":6,"160":6,"161":2,"162":2,"163":2,"165":5,"166":1,"167":1,"168":1,"171":3,"172":3,"173":1,"174":1,"175":1,"177":2,"179":2,"180":2,"181":1,"182":1,"183":1,"184":1,"185":2,"186":2,"187":0,"188":0,"189":0,"190":6,"195":59,"196":34,"198":34,"200":34,"201":5,"202":5,"203":5,"204":5,"206":29,"207":29,"210":34,"211":3,"212":3,"213":3,"214":2,"215":2,"216":2,"217":3,"220":27,"221":34,"222":34,"223":34,"224":23,"225":23,"226":34,"227":4,"228":4,"229":4,"232":30,"233":26,"234":26,"235":26,"236":26,"237":26,"238":26,"239":26,"240":26,"241":26,"242":26,"243":26,"244":0,"245":0,"246":34,"247":1,"248":1,"250":27,"251":34,"257":59,"258":7,"261":7,"262":7,"263":7,"264":7,"265":7,"266":7,"269":7,"270":7,"271":7,"272":1,"273":1,"274":1,"275":7,"276":3,"277":3,"278":3,"279":3,"280":3,"281":0,"282":0,"283":3,"284":3,"285":3,"286":7,"292":59,"293":9,"295":9,"296":3,"297":3,"298":3,"300":9,"301":5,"302":5,"303":5,"304":5,"305":5,"306":5,"307":5,"308":5,"309":4,"310":5,"311":1,"312":1,"313":9,"314":1,"315":1,"316":9,"321":59,"322":1,"323":1,"324":1,"325":59},"branchMap":{"0":{"type":"branch","line":42,"loc":{"start":{"line":42,"column":26},"end":{"line":326,"column":1}},"locations":[{"start":{"line":42,"column":26},"end":{"line":326,"column":1}}]},"1":{"type":"branch","line":53,"loc":{"start":{"line":53,"column":9},"end":{"line":56,"column":3}},"locations":[{"start":{"line":53,"column":9},"end":{"line":56,"column":3}}]},"2":{"type":"branch","line":61,"loc":{"start":{"line":61,"column":9},"end":{"line":64,"column":3}},"locations":[{"start":{"line":61,"column":9},"end":{"line":64,"column":3}}]},"3":{"type":"branch","line":69,"loc":{"start":{"line":69,"column":9},"end":{"line":72,"column":3}},"locations":[{"start":{"line":69,"column":9},"end":{"line":72,"column":3}}]},"4":{"type":"branch","line":77,"loc":{"start":{"line":77,"column":9},"end":{"line":80,"column":3}},"locations":[{"start":{"line":77,"column":9},"end":{"line":80,"column":3}}]},"5":{"type":"branch","line":85,"loc":{"start":{"line":85,"column":9},"end":{"line":89,"column":3}},"locations":[{"start":{"line":85,"column":9},"end":{"line":89,"column":3}}]},"6":{"type":"branch","line":86,"loc":{"start":{"line":86,"column":37},"end":{"line":86,"column":69}},"locations":[{"start":{"line":86,"column":37},"end":{"line":86,"column":69}}]},"7":{"type":"branch","line":94,"loc":{"start":{"line":94,"column":9},"end":{"line":97,"column":3}},"locations":[{"start":{"line":94,"column":9},"end":{"line":97,"column":3}}]},"8":{"type":"branch","line":102,"loc":{"start":{"line":102,"column":16},"end":{"line":106,"column":3}},"locations":[{"start":{"line":102,"column":16},"end":{"line":106,"column":3}}]},"9":{"type":"branch","line":103,"loc":{"start":{"line":103,"column":31},"end":{"line":103,"column":69}},"locations":[{"start":{"line":103,"column":31},"end":{"line":103,"column":69}}]},"10":{"type":"branch","line":112,"loc":{"start":{"line":112,"column":9},"end":{"line":153,"column":3}},"locations":[{"start":{"line":112,"column":9},"end":{"line":153,"column":3}}]},"11":{"type":"branch","line":124,"loc":{"start":{"line":124,"column":25},"end":{"line":133,"column":5}},"locations":[{"start":{"line":124,"column":25},"end":{"line":133,"column":5}}]},"12":{"type":"branch","line":126,"loc":{"start":{"line":126,"column":45},"end":{"line":132,"column":7}},"locations":[{"start":{"line":126,"column":45},"end":{"line":132,"column":7}}]},"13":{"type":"branch","line":128,"loc":{"start":{"line":128,"column":22},"end":{"line":131,"column":9}},"locations":[{"start":{"line":128,"column":22},"end":{"line":131,"column":9}}]},"14":{"type":"branch","line":132,"loc":{"start":{"line":132,"column":6},"end":{"line":133,"column":5}},"locations":[{"start":{"line":132,"column":6},"end":{"line":133,"column":5}}]},"15":{"type":"branch","line":133,"loc":{"start":{"line":133,"column":4},"end":{"line":136,"column":34}},"locations":[{"start":{"line":133,"column":4},"end":{"line":136,"column":34}}]},"16":{"type":"branch","line":136,"loc":{"start":{"line":136,"column":34},"end":{"line":139,"column":5}},"locations":[{"start":{"line":136,"column":34},"end":{"line":139,"column":5}}]},"17":{"type":"branch","line":139,"loc":{"start":{"line":139,"column":4},"end":{"line":142,"column":43}},"locations":[{"start":{"line":139,"column":4},"end":{"line":142,"column":43}}]},"18":{"type":"branch","line":142,"loc":{"start":{"line":142,"column":43},"end":{"line":149,"column":5}},"locations":[{"start":{"line":142,"column":43},"end":{"line":149,"column":5}}]},"19":{"type":"branch","line":144,"loc":{"start":{"line":144,"column":33},"end":{"line":148,"column":7}},"locations":[{"start":{"line":144,"column":33},"end":{"line":148,"column":7}}]},"20":{"type":"branch","line":149,"loc":{"start":{"line":149,"column":4},"end":{"line":152,"column":16}},"locations":[{"start":{"line":149,"column":4},"end":{"line":152,"column":16}}]},"21":{"type":"branch","line":118,"loc":{"start":{"line":118,"column":6},"end":{"line":118,"column":95}},"locations":[{"start":{"line":118,"column":6},"end":{"line":118,"column":95}}]},"22":{"type":"branch","line":123,"loc":{"start":{"line":123,"column":33},"end":{"line":123,"column":74}},"locations":[{"start":{"line":123,"column":33},"end":{"line":123,"column":74}}]},"23":{"type":"branch","line":127,"loc":{"start":{"line":127,"column":35},"end":{"line":127,"column":58}},"locations":[{"start":{"line":127,"column":35},"end":{"line":127,"column":58}}]},"24":{"type":"branch","line":143,"loc":{"start":{"line":143,"column":41},"end":{"line":143,"column":70}},"locations":[{"start":{"line":143,"column":41},"end":{"line":143,"column":70}}]},"25":{"type":"branch","line":158,"loc":{"start":{"line":158,"column":2},"end":{"line":191,"column":3}},"locations":[{"start":{"line":158,"column":2},"end":{"line":191,"column":3}}]},"26":{"type":"branch","line":161,"loc":{"start":{"line":161,"column":23},"end":{"line":164,"column":5}},"locations":[{"start":{"line":161,"column":23},"end":{"line":164,"column":5}}]},"27":{"type":"branch","line":164,"loc":{"start":{"line":164,"column":4},"end":{"line":190,"column":5}},"locations":[{"start":{"line":164,"column":4},"end":{"line":190,"column":5}}]},"28":{"type":"branch","line":164,"loc":{"start":{"line":164,"column":4},"end":{"line":166,"column":25}},"locations":[{"start":{"line":164,"column":4},"end":{"line":166,"column":25}}]},"29":{"type":"branch","line":166,"loc":{"start":{"line":166,"column":25},"end":{"line":176,"column":5}},"locations":[{"start":{"line":166,"column":25},"end":{"line":176,"column":5}}]},"30":{"type":"branch","line":166,"loc":{"start":{"line":166,"column":25},"end":{"line":169,"column":5}},"locations":[{"start":{"line":166,"column":25},"end":{"line":169,"column":5}}]},"31":{"type":"branch","line":173,"loc":{"start":{"line":173,"column":15},"end":{"line":176,"column":5}},"locations":[{"start":{"line":173,"column":15},"end":{"line":176,"column":5}}]},"32":{"type":"branch","line":176,"loc":{"start":{"line":176,"column":4},"end":{"line":190,"column":5}},"locations":[{"start":{"line":176,"column":4},"end":{"line":190,"column":5}}]},"33":{"type":"branch","line":181,"loc":{"start":{"line":181,"column":14},"end":{"line":185,"column":7}},"locations":[{"start":{"line":181,"column":14},"end":{"line":185,"column":7}}]},"34":{"type":"branch","line":187,"loc":{"start":{"line":187,"column":4},"end":{"line":190,"column":5}},"locations":[{"start":{"line":187,"column":4},"end":{"line":190,"column":5}}]},"35":{"type":"branch","line":172,"loc":{"start":{"line":172,"column":38},"end":{"line":172,"column":90}},"locations":[{"start":{"line":172,"column":38},"end":{"line":172,"column":90}}]},"36":{"type":"branch","line":196,"loc":{"start":{"line":196,"column":2},"end":{"line":252,"column":3}},"locations":[{"start":{"line":196,"column":2},"end":{"line":252,"column":3}}]},"37":{"type":"branch","line":201,"loc":{"start":{"line":201,"column":20},"end":{"line":205,"column":5}},"locations":[{"start":{"line":201,"column":20},"end":{"line":205,"column":5}}]},"38":{"type":"branch","line":202,"loc":{"start":{"line":202,"column":41},"end":{"line":202,"column":57}},"locations":[{"start":{"line":202,"column":41},"end":{"line":202,"column":57}}]},"39":{"type":"branch","line":202,"loc":{"start":{"line":202,"column":48},"end":{"line":202,"column":65}},"locations":[{"start":{"line":202,"column":48},"end":{"line":202,"column":65}}]},"40":{"type":"branch","line":205,"loc":{"start":{"line":205,"column":4},"end":{"line":211,"column":33}},"locations":[{"start":{"line":205,"column":4},"end":{"line":211,"column":33}}]},"41":{"type":"branch","line":211,"loc":{"start":{"line":211,"column":33},"end":{"line":218,"column":5}},"locations":[{"start":{"line":211,"column":33},"end":{"line":218,"column":5}}]},"42":{"type":"branch","line":214,"loc":{"start":{"line":214,"column":18},"end":{"line":217,"column":7}},"locations":[{"start":{"line":214,"column":18},"end":{"line":217,"column":7}}]},"43":{"type":"branch","line":218,"loc":{"start":{"line":218,"column":4},"end":{"line":222,"column":63}},"locations":[{"start":{"line":218,"column":4},"end":{"line":222,"column":63}}]},"44":{"type":"branch","line":222,"loc":{"start":{"line":222,"column":53},"end":{"line":222,"column":65}},"locations":[{"start":{"line":222,"column":53},"end":{"line":222,"column":65}}]},"45":{"type":"branch","line":224,"loc":{"start":{"line":224,"column":16},"end":{"line":227,"column":11}},"locations":[{"start":{"line":224,"column":16},"end":{"line":227,"column":11}}]},"46":{"type":"branch","line":227,"loc":{"start":{"line":227,"column":4},"end":{"line":230,"column":5}},"locations":[{"start":{"line":227,"column":4},"end":{"line":230,"column":5}}]},"47":{"type":"branch","line":230,"loc":{"start":{"line":230,"column":4},"end":{"line":247,"column":11}},"locations":[{"start":{"line":230,"column":4},"end":{"line":247,"column":11}}]},"48":{"type":"branch","line":230,"loc":{"start":{"line":230,"column":4},"end":{"line":233,"column":23}},"locations":[{"start":{"line":230,"column":4},"end":{"line":233,"column":23}}]},"49":{"type":"branch","line":233,"loc":{"start":{"line":233,"column":23},"end":{"line":247,"column":11}},"locations":[{"start":{"line":233,"column":23},"end":{"line":247,"column":11}}]},"50":{"type":"branch","line":234,"loc":{"start":{"line":234,"column":38},"end":{"line":234,"column":65}},"locations":[{"start":{"line":234,"column":38},"end":{"line":234,"column":65}}]},"51":{"type":"branch","line":234,"loc":{"start":{"line":234,"column":53},"end":{"line":234,"column":72}},"locations":[{"start":{"line":234,"column":53},"end":{"line":234,"column":72}}]},"52":{"type":"branch","line":240,"loc":{"start":{"line":240,"column":124},"end":{"line":240,"column":147}},"locations":[{"start":{"line":240,"column":124},"end":{"line":240,"column":147}}]},"53":{"type":"branch","line":240,"loc":{"start":{"line":240,"column":135},"end":{"line":240,"column":154}},"locations":[{"start":{"line":240,"column":135},"end":{"line":240,"column":154}}]},"54":{"type":"branch","line":244,"loc":{"start":{"line":244,"column":6},"end":{"line":246,"column":7}},"locations":[{"start":{"line":244,"column":6},"end":{"line":246,"column":7}}]},"55":{"type":"branch","line":247,"loc":{"start":{"line":247,"column":4},"end":{"line":249,"column":5}},"locations":[{"start":{"line":247,"column":4},"end":{"line":249,"column":5}}]},"56":{"type":"branch","line":249,"loc":{"start":{"line":249,"column":4},"end":{"line":251,"column":38}},"locations":[{"start":{"line":249,"column":4},"end":{"line":251,"column":38}}]},"57":{"type":"branch","line":222,"loc":{"start":{"line":222,"column":27},"end":{"line":222,"column":50}},"locations":[{"start":{"line":222,"column":27},"end":{"line":222,"column":50}}]},"58":{"type":"branch","line":235,"loc":{"start":{"line":235,"column":48},"end":{"line":235,"column":71}},"locations":[{"start":{"line":235,"column":48},"end":{"line":235,"column":71}}]},"59":{"type":"branch","line":258,"loc":{"start":{"line":258,"column":2},"end":{"line":287,"column":3}},"locations":[{"start":{"line":258,"column":2},"end":{"line":287,"column":3}}]},"60":{"type":"branch","line":272,"loc":{"start":{"line":272,"column":8},"end":{"line":272,"column":50}},"locations":[{"start":{"line":272,"column":8},"end":{"line":272,"column":50}}]},"61":{"type":"branch","line":272,"loc":{"start":{"line":272,"column":50},"end":{"line":275,"column":5}},"locations":[{"start":{"line":272,"column":50},"end":{"line":275,"column":5}}]},"62":{"type":"branch","line":275,"loc":{"start":{"line":275,"column":4},"end":{"line":276,"column":14}},"locations":[{"start":{"line":275,"column":4},"end":{"line":276,"column":14}}]},"63":{"type":"branch","line":276,"loc":{"start":{"line":276,"column":14},"end":{"line":286,"column":5}},"locations":[{"start":{"line":276,"column":14},"end":{"line":286,"column":5}}]},"64":{"type":"branch","line":281,"loc":{"start":{"line":281,"column":6},"end":{"line":283,"column":7}},"locations":[{"start":{"line":281,"column":6},"end":{"line":283,"column":7}}]},"65":{"type":"branch","line":293,"loc":{"start":{"line":293,"column":2},"end":{"line":317,"column":3}},"locations":[{"start":{"line":293,"column":2},"end":{"line":317,"column":3}}]},"66":{"type":"branch","line":296,"loc":{"start":{"line":296,"column":89},"end":{"line":299,"column":5}},"locations":[{"start":{"line":296,"column":89},"end":{"line":299,"column":5}}]},"67":{"type":"branch","line":299,"loc":{"start":{"line":299,"column":4},"end":{"line":301,"column":23}},"locations":[{"start":{"line":299,"column":4},"end":{"line":301,"column":23}}]},"68":{"type":"branch","line":301,"loc":{"start":{"line":301,"column":23},"end":{"line":314,"column":11}},"locations":[{"start":{"line":301,"column":23},"end":{"line":314,"column":11}}]},"69":{"type":"branch","line":305,"loc":{"start":{"line":305,"column":26},"end":{"line":305,"column":46}},"locations":[{"start":{"line":305,"column":26},"end":{"line":305,"column":46}}]},"70":{"type":"branch","line":306,"loc":{"start":{"line":306,"column":25},"end":{"line":306,"column":44}},"locations":[{"start":{"line":306,"column":25},"end":{"line":306,"column":44}}]},"71":{"type":"branch","line":307,"loc":{"start":{"line":307,"column":26},"end":{"line":307,"column":46}},"locations":[{"start":{"line":307,"column":26},"end":{"line":307,"column":46}}]},"72":{"type":"branch","line":308,"loc":{"start":{"line":308,"column":25},"end":{"line":308,"column":44}},"locations":[{"start":{"line":308,"column":25},"end":{"line":308,"column":44}}]},"73":{"type":"branch","line":309,"loc":{"start":{"line":309,"column":89},"end":{"line":311,"column":15}},"locations":[{"start":{"line":309,"column":89},"end":{"line":311,"column":15}}]},"74":{"type":"branch","line":311,"loc":{"start":{"line":311,"column":6},"end":{"line":313,"column":7}},"locations":[{"start":{"line":311,"column":6},"end":{"line":313,"column":7}}]},"75":{"type":"branch","line":314,"loc":{"start":{"line":314,"column":4},"end":{"line":316,"column":5}},"locations":[{"start":{"line":314,"column":4},"end":{"line":316,"column":5}}]},"76":{"type":"branch","line":304,"loc":{"start":{"line":304,"column":50},"end":{"line":304,"column":81}},"locations":[{"start":{"line":304,"column":50},"end":{"line":304,"column":81}}]},"77":{"type":"branch","line":322,"loc":{"start":{"line":322,"column":2},"end":{"line":325,"column":3}},"locations":[{"start":{"line":322,"column":2},"end":{"line":325,"column":3}}]}},"b":{"0":[59],"1":[33],"2":[48],"3":[4],"4":[3],"5":[7],"6":[3],"7":[4],"8":[95],"9":[20],"10":[53],"11":[9],"12":[13],"13":[9],"14":[0],"15":[44],"16":[4],"17":[40],"18":[89],"19":[33],"20":[7],"21":[67],"22":[62],"23":[14],"24":[81],"25":[6],"26":[2],"27":[5],"28":[4],"29":[3],"30":[1],"31":[1],"32":[2],"33":[1],"34":[0],"35":[3],"36":[34],"37":[5],"38":[3],"39":[2],"40":[29],"41":[3],"42":[2],"43":[27],"44":[0],"45":[23],"46":[4],"47":[30],"48":[27],"49":[26],"50":[1],"51":[25],"52":[2],"53":[24],"54":[0],"55":[1],"56":[27],"57":[30],"58":[29],"59":[7],"60":[4],"61":[1],"62":[6],"63":[3],"64":[0],"65":[9],"66":[3],"67":[6],"68":[5],"69":[1],"70":[1],"71":[1],"72":[1],"73":[4],"74":[1],"75":[1],"76":[1],"77":[1]},"fnMap":{"0":{"name":"<instance_members_initializer>","decl":{"start":{"line":42,"column":26},"end":{"line":326,"column":1}},"loc":{"start":{"line":42,"column":26},"end":{"line":326,"column":1}},"line":42},"1":{"name":"setCallback","decl":{"start":{"line":53,"column":9},"end":{"line":56,"column":3}},"loc":{"start":{"line":53,"column":9},"end":{"line":56,"column":3}},"line":53},"2":{"name":"setBoardState","decl":{"start":{"line":61,"column":9},"end":{"line":64,"column":3}},"loc":{"start":{"line":61,"column":9},"end":{"line":64,"column":3}},"line":61},"3":{"name":"setGraphql","decl":{"start":{"line":69,"column":9},"end":{"line":72,"column":3}},"loc":{"start":{"line":69,"column":9},"end":{"line":72,"column":3}},"line":69},"4":{"name":"setProjectId","decl":{"start":{"line":77,"column":9},"end":{"line":80,"column":3}},"loc":{"start":{"line":77,"column":9},"end":{"line":80,"column":3}},"line":77},"5":{"name":"isBusy","decl":{"start":{"line":85,"column":9},"end":{"line":89,"column":3}},"loc":{"start":{"line":85,"column":9},"end":{"line":89,"column":3}},"line":85},"6":{"name":"getCurrentWip","decl":{"start":{"line":94,"column":9},"end":{"line":97,"column":3}},"loc":{"start":{"line":94,"column":9},"end":{"line":97,"column":3}},"line":94},"7":{"name":"isBug","decl":{"start":{"line":102,"column":16},"end":{"line":106,"column":3}},"loc":{"start":{"line":102,"column":16},"end":{"line":106,"column":3}},"line":102},"8":{"name":"selectNextIssue","decl":{"start":{"line":112,"column":9},"end":{"line":153,"column":3}},"loc":{"start":{"line":112,"column":9},"end":{"line":153,"column":3}},"line":112},"9":{"name":"autoMoveFromBrainDump","decl":{"start":{"line":158,"column":2},"end":{"line":191,"column":3}},"loc":{"start":{"line":158,"column":2},"end":{"line":191,"column":3}},"line":158},"10":{"name":"startAgent","decl":{"start":{"line":196,"column":2},"end":{"line":252,"column":3}},"loc":{"start":{"line":196,"column":2},"end":{"line":252,"column":3}},"line":196},"11":{"name":"finishAgent","decl":{"start":{"line":258,"column":2},"end":{"line":287,"column":3}},"loc":{"start":{"line":258,"column":2},"end":{"line":287,"column":3}},"line":258},"12":{"name":"onAgentTrigger","decl":{"start":{"line":293,"column":2},"end":{"line":317,"column":3}},"loc":{"start":{"line":293,"column":2},"end":{"line":317,"column":3}},"line":293},"13":{"name":"assignAgent","decl":{"start":{"line":322,"column":2},"end":{"line":325,"column":3}},"loc":{"start":{"line":322,"column":2},"end":{"line":325,"column":3}},"line":322}},"f":{"0":59,"1":33,"2":48,"3":4,"4":3,"5":7,"6":4,"7":95,"8":53,"9":6,"10":34,"11":7,"12":9,"13":1}}
,"/home/splashxxx/ai_os_plugin/src/services/auth.ts": {"path":"/home/splashxxx/ai_os_plugin/src/services/auth.ts","all":true,"statementMap":{"0":{"start":{"line":1,"column":0},"end":{"line":1,"column":37}},"1":{"start":{"line":2,"column":0},"end":{"line":2,"column":33}},"2":{"start":{"line":3,"column":0},"end":{"line":3,"column":34}},"4":{"start":{"line":5,"column":0},"end":{"line":5,"column":35}},"10":{"start":{"line":11,"column":0},"end":{"line":11,"column":26}},"11":{"start":{"line":12,"column":0},"end":{"line":12,"column":37}},"16":{"start":{"line":17,"column":0},"end":{"line":17,"column":113}},"17":{"start":{"line":18,"column":0},"end":{"line":18,"column":45}},"18":{"start":{"line":19,"column":0},"end":{"line":19,"column":72}},"19":{"start":{"line":20,"column":0},"end":{"line":20,"column":20}},"20":{"start":{"line":21,"column":0},"end":{"line":21,"column":24}},"21":{"start":{"line":22,"column":0},"end":{"line":22,"column":16}},"22":{"start":{"line":23,"column":0},"end":{"line":23,"column":38}},"23":{"start":{"line":24,"column":0},"end":{"line":24,"column":9}},"24":{"start":{"line":25,"column":0},"end":{"line":25,"column":9}},"25":{"start":{"line":26,"column":0},"end":{"line":26,"column":7}},"26":{"start":{"line":27,"column":0},"end":{"line":27,"column":3}},"32":{"start":{"line":33,"column":0},"end":{"line":33,"column":62}},"33":{"start":{"line":34,"column":0},"end":{"line":34,"column":76}},"34":{"start":{"line":35,"column":0},"end":{"line":35,"column":22}},"35":{"start":{"line":36,"column":0},"end":{"line":36,"column":73}},"36":{"start":{"line":37,"column":0},"end":{"line":37,"column":25}},"37":{"start":{"line":38,"column":0},"end":{"line":38,"column":5}},"39":{"start":{"line":40,"column":0},"end":{"line":40,"column":9}},"41":{"start":{"line":42,"column":0},"end":{"line":42,"column":48}},"42":{"start":{"line":43,"column":0},"end":{"line":43,"column":21}},"43":{"start":{"line":44,"column":0},"end":{"line":44,"column":38}},"44":{"start":{"line":45,"column":0},"end":{"line":45,"column":115}},"45":{"start":{"line":46,"column":0},"end":{"line":46,"column":27}},"46":{"start":{"line":47,"column":0},"end":{"line":47,"column":7}},"47":{"start":{"line":48,"column":0},"end":{"line":48,"column":89}},"50":{"start":{"line":51,"column":0},"end":{"line":51,"column":75}},"51":{"start":{"line":52,"column":0},"end":{"line":52,"column":34}},"52":{"start":{"line":53,"column":0},"end":{"line":53,"column":18}},"53":{"start":{"line":54,"column":0},"end":{"line":54,"column":28}},"54":{"start":{"line":55,"column":0},"end":{"line":55,"column":105}},"55":{"start":{"line":56,"column":0},"end":{"line":56,"column":27}},"56":{"start":{"line":57,"column":0},"end":{"line":57,"column":7}},"57":{"start":{"line":58,"column":0},"end":{"line":58,"column":78}},"58":{"start":{"line":59,"column":0},"end":{"line":59,"column":21}},"59":{"start":{"line":60,"column":0},"end":{"line":60,"column":106}},"60":{"start":{"line":61,"column":0},"end":{"line":61,"column":23}},"61":{"start":{"line":62,"column":0},"end":{"line":62,"column":5}},"63":{"start":{"line":64,"column":0},"end":{"line":64,"column":72}},"64":{"start":{"line":65,"column":0},"end":{"line":65,"column":21}},"65":{"start":{"line":66,"column":0},"end":{"line":66,"column":3}},"71":{"start":{"line":72,"column":0},"end":{"line":72,"column":63}},"72":{"start":{"line":73,"column":0},"end":{"line":73,"column":67}},"73":{"start":{"line":74,"column":0},"end":{"line":74,"column":9}},"74":{"start":{"line":75,"column":0},"end":{"line":75,"column":76}},"75":{"start":{"line":76,"column":0},"end":{"line":76,"column":49}},"76":{"start":{"line":77,"column":0},"end":{"line":77,"column":96}},"77":{"start":{"line":78,"column":0},"end":{"line":78,"column":19}},"78":{"start":{"line":79,"column":0},"end":{"line":79,"column":21}},"79":{"start":{"line":80,"column":0},"end":{"line":80,"column":130}},"80":{"start":{"line":81,"column":0},"end":{"line":81,"column":38}},"81":{"start":{"line":82,"column":0},"end":{"line":82,"column":119}},"82":{"start":{"line":83,"column":0},"end":{"line":83,"column":19}},"83":{"start":{"line":84,"column":0},"end":{"line":84,"column":5}},"84":{"start":{"line":85,"column":0},"end":{"line":85,"column":3}},"89":{"start":{"line":90,"column":0},"end":{"line":90,"column":29}},"90":{"start":{"line":91,"column":0},"end":{"line":91,"column":66}},"91":{"start":{"line":92,"column":0},"end":{"line":92,"column":28}},"92":{"start":{"line":93,"column":0},"end":{"line":93,"column":3}},"93":{"start":{"line":94,"column":0},"end":{"line":94,"column":1}}},"s":{"0":0,"1":0,"2":0,"4":0,"10":0,"11":0,"16":0,"17":0,"18":0,"19":0,"20":0,"21":0,"22":0,"23":0,"24":0,"25":0,"26":0,"32":0,"33":0,"34":0,"35":0,"36":0,"37":0,"39":0,"41":0,"42":0,"43":0,"44":0,"45":0,"46":0,"47":0,"50":0,"51":0,"52":0,"53":0,"54":0,"55":0,"56":0,"57":0,"58":0,"59":0,"60":0,"61":0,"63":0,"64":0,"65":0,"71":0,"72":0,"73":0,"74":0,"75":0,"76":0,"77":0,"78":0,"79":0,"80":0,"81":0,"82":0,"83":0,"84":0,"89":0,"90":0,"91":0,"92":0,"93":0},"branchMap":{"0":{"type":"branch","line":1,"loc":{"start":{"line":1,"column":3264},"end":{"line":94,"column":1}},"locations":[{"start":{"line":1,"column":3264},"end":{"line":94,"column":1}}]}},"b":{"0":[0]},"fnMap":{"0":{"name":"(empty-report)","decl":{"start":{"line":1,"column":3264},"end":{"line":94,"column":1}},"loc":{"start":{"line":1,"column":3264},"end":{"line":94,"column":1}},"line":1}},"f":{"0":0}}
,"/home/splashxxx/ai_os_plugin/src/services/claudeConfig.ts": {"path":"/home/splashxxx/ai_os_plugin/src/services/claudeConfig.ts","all":true,"statementMap":{"0":{"start":{"line":1,"column":0},"end":{"line":1,"column":33}},"1":{"start":{"line":2,"column":0},"end":{"line":2,"column":25}},"2":{"start":{"line":3,"column":0},"end":{"line":3,"column":25}},"3":{"start":{"line":4,"column":0},"end":{"line":4,"column":29}},"4":{"start":{"line":5,"column":0},"end":{"line":5,"column":34}},"5":{"start":{"line":6,"column":0},"end":{"line":6,"column":52}},"6":{"start":{"line":7,"column":0},"end":{"line":7,"column":49}},"8":{"start":{"line":9,"column":0},"end":{"line":9,"column":91}},"10":{"start":{"line":11,"column":0},"end":{"line":11,"column":72}},"11":{"start":{"line":12,"column":0},"end":{"line":12,"column":29}},"12":{"start":{"line":13,"column":0},"end":{"line":13,"column":1}},"14":{"start":{"line":15,"column":0},"end":{"line":15,"column":60}},"15":{"start":{"line":16,"column":0},"end":{"line":16,"column":55}},"16":{"start":{"line":17,"column":0},"end":{"line":17,"column":1}},"18":{"start":{"line":19,"column":0},"end":{"line":19,"column":35}},"19":{"start":{"line":20,"column":0},"end":{"line":20,"column":39}},"20":{"start":{"line":21,"column":0},"end":{"line":21,"column":29}},"21":{"start":{"line":22,"column":0},"end":{"line":22,"column":18}},"22":{"start":{"line":23,"column":0},"end":{"line":23,"column":3}},"23":{"start":{"line":24,"column":0},"end":{"line":24,"column":16}},"24":{"start":{"line":25,"column":0},"end":{"line":25,"column":1}},"26":{"start":{"line":27,"column":0},"end":{"line":27,"column":50}},"27":{"start":{"line":28,"column":0},"end":{"line":28,"column":28}},"28":{"start":{"line":29,"column":0},"end":{"line":29,"column":47}},"29":{"start":{"line":30,"column":0},"end":{"line":30,"column":27}},"30":{"start":{"line":31,"column":0},"end":{"line":31,"column":36}},"31":{"start":{"line":32,"column":0},"end":{"line":32,"column":38}},"32":{"start":{"line":33,"column":0},"end":{"line":33,"column":42}},"33":{"start":{"line":34,"column":0},"end":{"line":34,"column":4}},"35":{"start":{"line":36,"column":0},"end":{"line":36,"column":65}},"36":{"start":{"line":37,"column":0},"end":{"line":37,"column":24}},"37":{"start":{"line":38,"column":0},"end":{"line":38,"column":74}},"38":{"start":{"line":39,"column":0},"end":{"line":39,"column":27}},"39":{"start":{"line":40,"column":0},"end":{"line":40,"column":81}},"40":{"start":{"line":41,"column":0},"end":{"line":41,"column":3}},"42":{"start":{"line":43,"column":0},"end":{"line":43,"column":15}},"43":{"start":{"line":44,"column":0},"end":{"line":44,"column":1}},"45":{"start":{"line":46,"column":0},"end":{"line":46,"column":103}},"46":{"start":{"line":47,"column":0},"end":{"line":47,"column":10}},"47":{"start":{"line":48,"column":0},"end":{"line":48,"column":30}},"48":{"start":{"line":49,"column":0},"end":{"line":49,"column":23}},"49":{"start":{"line":50,"column":0},"end":{"line":50,"column":10}},"50":{"start":{"line":51,"column":0},"end":{"line":51,"column":26}},"51":{"start":{"line":52,"column":0},"end":{"line":52,"column":34}},"52":{"start":{"line":53,"column":0},"end":{"line":53,"column":27}},"53":{"start":{"line":54,"column":0},"end":{"line":54,"column":6}},"54":{"start":{"line":55,"column":0},"end":{"line":55,"column":4}},"55":{"start":{"line":56,"column":0},"end":{"line":56,"column":1}},"57":{"start":{"line":58,"column":0},"end":{"line":58,"column":30}},"58":{"start":{"line":59,"column":0},"end":{"line":59,"column":24}},"59":{"start":{"line":60,"column":0},"end":{"line":60,"column":21}},"60":{"start":{"line":61,"column":0},"end":{"line":61,"column":20}},"61":{"start":{"line":62,"column":0},"end":{"line":62,"column":15}},"62":{"start":{"line":63,"column":0},"end":{"line":63,"column":9}},"63":{"start":{"line":64,"column":0},"end":{"line":64,"column":63}},"64":{"start":{"line":65,"column":0},"end":{"line":65,"column":77}},"66":{"start":{"line":67,"column":0},"end":{"line":67,"column":41}},"67":{"start":{"line":68,"column":0},"end":{"line":68,"column":41}},"68":{"start":{"line":69,"column":0},"end":{"line":69,"column":30}},"69":{"start":{"line":70,"column":0},"end":{"line":70,"column":71}},"70":{"start":{"line":71,"column":0},"end":{"line":71,"column":45}},"71":{"start":{"line":72,"column":0},"end":{"line":72,"column":5}},"73":{"start":{"line":74,"column":0},"end":{"line":74,"column":43}},"74":{"start":{"line":75,"column":0},"end":{"line":75,"column":36}},"75":{"start":{"line":76,"column":0},"end":{"line":76,"column":11}},"76":{"start":{"line":77,"column":0},"end":{"line":77,"column":91}},"77":{"start":{"line":78,"column":0},"end":{"line":78,"column":74}},"78":{"start":{"line":79,"column":0},"end":{"line":79,"column":23}},"79":{"start":{"line":80,"column":0},"end":{"line":80,"column":106}},"80":{"start":{"line":81,"column":0},"end":{"line":81,"column":18}},"81":{"start":{"line":82,"column":0},"end":{"line":82,"column":7}},"82":{"start":{"line":83,"column":0},"end":{"line":83,"column":5}},"84":{"start":{"line":85,"column":0},"end":{"line":85,"column":46}},"85":{"start":{"line":86,"column":0},"end":{"line":86,"column":76}},"86":{"start":{"line":87,"column":0},"end":{"line":87,"column":37}},"87":{"start":{"line":88,"column":0},"end":{"line":88,"column":35}},"89":{"start":{"line":90,"column":0},"end":{"line":90,"column":45}},"90":{"start":{"line":91,"column":0},"end":{"line":91,"column":82}},"91":{"start":{"line":92,"column":0},"end":{"line":92,"column":41}},"92":{"start":{"line":93,"column":0},"end":{"line":93,"column":39}},"93":{"start":{"line":94,"column":0},"end":{"line":94,"column":29}},"94":{"start":{"line":95,"column":0},"end":{"line":95,"column":31}},"95":{"start":{"line":96,"column":0},"end":{"line":96,"column":27}},"96":{"start":{"line":97,"column":0},"end":{"line":97,"column":38}},"97":{"start":{"line":98,"column":0},"end":{"line":98,"column":39}},"98":{"start":{"line":99,"column":0},"end":{"line":99,"column":42}},"99":{"start":{"line":100,"column":0},"end":{"line":100,"column":42}},"100":{"start":{"line":101,"column":0},"end":{"line":101,"column":12}},"101":{"start":{"line":102,"column":0},"end":{"line":102,"column":9}},"102":{"start":{"line":103,"column":0},"end":{"line":103,"column":103}},"103":{"start":{"line":104,"column":0},"end":{"line":104,"column":43}},"104":{"start":{"line":105,"column":0},"end":{"line":105,"column":62}},"105":{"start":{"line":106,"column":0},"end":{"line":106,"column":89}},"106":{"start":{"line":107,"column":0},"end":{"line":107,"column":7}},"107":{"start":{"line":108,"column":0},"end":{"line":108,"column":12}},"108":{"start":{"line":109,"column":0},"end":{"line":109,"column":76}},"109":{"start":{"line":110,"column":0},"end":{"line":110,"column":37}},"110":{"start":{"line":111,"column":0},"end":{"line":111,"column":35}},"111":{"start":{"line":112,"column":0},"end":{"line":112,"column":5}},"113":{"start":{"line":114,"column":0},"end":{"line":114,"column":73}},"114":{"start":{"line":115,"column":0},"end":{"line":115,"column":9}},"115":{"start":{"line":116,"column":0},"end":{"line":116,"column":38}},"116":{"start":{"line":117,"column":0},"end":{"line":117,"column":13}},"118":{"start":{"line":119,"column":0},"end":{"line":119,"column":5}},"119":{"start":{"line":120,"column":0},"end":{"line":120,"column":75}},"120":{"start":{"line":121,"column":0},"end":{"line":121,"column":3}},"121":{"start":{"line":122,"column":0},"end":{"line":122,"column":1}},"123":{"start":{"line":124,"column":0},"end":{"line":124,"column":58}},"124":{"start":{"line":125,"column":0},"end":{"line":125,"column":41}},"125":{"start":{"line":126,"column":0},"end":{"line":126,"column":45}},"126":{"start":{"line":127,"column":0},"end":{"line":127,"column":9}},"127":{"start":{"line":128,"column":0},"end":{"line":128,"column":95}},"128":{"start":{"line":129,"column":0},"end":{"line":129,"column":80}},"129":{"start":{"line":130,"column":0},"end":{"line":130,"column":34}},"130":{"start":{"line":131,"column":0},"end":{"line":131,"column":70}},"131":{"start":{"line":132,"column":0},"end":{"line":132,"column":20}},"132":{"start":{"line":133,"column":0},"end":{"line":133,"column":7}},"133":{"start":{"line":134,"column":0},"end":{"line":134,"column":92}},"134":{"start":{"line":135,"column":0},"end":{"line":135,"column":21}},"135":{"start":{"line":136,"column":0},"end":{"line":136,"column":58}},"136":{"start":{"line":137,"column":0},"end":{"line":137,"column":106}},"137":{"start":{"line":138,"column":0},"end":{"line":138,"column":42}},"138":{"start":{"line":139,"column":0},"end":{"line":139,"column":100}},"139":{"start":{"line":140,"column":0},"end":{"line":140,"column":24}},"140":{"start":{"line":141,"column":0},"end":{"line":141,"column":11}},"141":{"start":{"line":142,"column":0},"end":{"line":142,"column":9}},"142":{"start":{"line":143,"column":0},"end":{"line":143,"column":7}},"143":{"start":{"line":144,"column":0},"end":{"line":144,"column":21}},"144":{"start":{"line":145,"column":0},"end":{"line":145,"column":98}},"145":{"start":{"line":146,"column":0},"end":{"line":146,"column":5}},"146":{"start":{"line":147,"column":0},"end":{"line":147,"column":3}},"147":{"start":{"line":148,"column":0},"end":{"line":148,"column":15}},"148":{"start":{"line":149,"column":0},"end":{"line":149,"column":1}},"150":{"start":{"line":151,"column":0},"end":{"line":151,"column":63}},"151":{"start":{"line":152,"column":0},"end":{"line":152,"column":41}},"152":{"start":{"line":153,"column":0},"end":{"line":153,"column":45}},"153":{"start":{"line":154,"column":0},"end":{"line":154,"column":9}},"154":{"start":{"line":155,"column":0},"end":{"line":155,"column":95}},"156":{"start":{"line":157,"column":0},"end":{"line":157,"column":80}},"157":{"start":{"line":158,"column":0},"end":{"line":158,"column":34}},"158":{"start":{"line":159,"column":0},"end":{"line":159,"column":35}},"159":{"start":{"line":160,"column":0},"end":{"line":160,"column":7}},"161":{"start":{"line":162,"column":0},"end":{"line":162,"column":92}},"162":{"start":{"line":163,"column":0},"end":{"line":163,"column":21}},"163":{"start":{"line":164,"column":0},"end":{"line":164,"column":58}},"164":{"start":{"line":165,"column":0},"end":{"line":165,"column":106}},"165":{"start":{"line":166,"column":0},"end":{"line":166,"column":42}},"166":{"start":{"line":167,"column":0},"end":{"line":167,"column":43}},"167":{"start":{"line":168,"column":0},"end":{"line":168,"column":11}},"168":{"start":{"line":169,"column":0},"end":{"line":169,"column":9}},"169":{"start":{"line":170,"column":0},"end":{"line":170,"column":7}},"171":{"start":{"line":172,"column":0},"end":{"line":172,"column":75}},"172":{"start":{"line":173,"column":0},"end":{"line":173,"column":80}},"173":{"start":{"line":174,"column":0},"end":{"line":174,"column":21}},"174":{"start":{"line":175,"column":0},"end":{"line":175,"column":108}},"175":{"start":{"line":176,"column":0},"end":{"line":176,"column":5}},"176":{"start":{"line":177,"column":0},"end":{"line":177,"column":3}},"177":{"start":{"line":178,"column":0},"end":{"line":178,"column":1}},"179":{"start":{"line":180,"column":0},"end":{"line":180,"column":94}},"180":{"start":{"line":181,"column":0},"end":{"line":181,"column":74}},"182":{"start":{"line":183,"column":0},"end":{"line":183,"column":60}},"183":{"start":{"line":184,"column":0},"end":{"line":184,"column":15}},"184":{"start":{"line":185,"column":0},"end":{"line":185,"column":65}},"185":{"start":{"line":186,"column":0},"end":{"line":186,"column":84}},"186":{"start":{"line":187,"column":0},"end":{"line":187,"column":11}},"187":{"start":{"line":188,"column":0},"end":{"line":188,"column":3}},"188":{"start":{"line":189,"column":0},"end":{"line":189,"column":83}},"190":{"start":{"line":191,"column":0},"end":{"line":191,"column":36}},"191":{"start":{"line":192,"column":0},"end":{"line":192,"column":144}},"192":{"start":{"line":193,"column":0},"end":{"line":193,"column":29}},"193":{"start":{"line":194,"column":0},"end":{"line":194,"column":61}},"194":{"start":{"line":195,"column":0},"end":{"line":195,"column":101}},"195":{"start":{"line":196,"column":0},"end":{"line":196,"column":16}},"196":{"start":{"line":197,"column":0},"end":{"line":197,"column":24}},"197":{"start":{"line":198,"column":0},"end":{"line":198,"column":6}},"198":{"start":{"line":199,"column":0},"end":{"line":199,"column":71}},"199":{"start":{"line":200,"column":0},"end":{"line":200,"column":34}},"200":{"start":{"line":201,"column":0},"end":{"line":201,"column":78}},"201":{"start":{"line":202,"column":0},"end":{"line":202,"column":13}},"202":{"start":{"line":203,"column":0},"end":{"line":203,"column":5}},"203":{"start":{"line":204,"column":0},"end":{"line":204,"column":3}},"205":{"start":{"line":206,"column":0},"end":{"line":206,"column":90}},"206":{"start":{"line":207,"column":0},"end":{"line":207,"column":70}},"207":{"start":{"line":208,"column":0},"end":{"line":208,"column":45}},"208":{"start":{"line":209,"column":0},"end":{"line":209,"column":73}},"209":{"start":{"line":210,"column":0},"end":{"line":210,"column":64}},"210":{"start":{"line":211,"column":0},"end":{"line":211,"column":84}},"212":{"start":{"line":213,"column":0},"end":{"line":213,"column":73}},"214":{"start":{"line":215,"column":0},"end":{"line":215,"column":54}},"215":{"start":{"line":216,"column":0},"end":{"line":216,"column":94}},"216":{"start":{"line":217,"column":0},"end":{"line":217,"column":26}},"217":{"start":{"line":218,"column":0},"end":{"line":218,"column":18}},"218":{"start":{"line":219,"column":0},"end":{"line":219,"column":13}},"219":{"start":{"line":220,"column":0},"end":{"line":220,"column":4}},"220":{"start":{"line":221,"column":0},"end":{"line":221,"column":30}},"221":{"start":{"line":222,"column":0},"end":{"line":222,"column":70}},"222":{"start":{"line":223,"column":0},"end":{"line":223,"column":46}},"223":{"start":{"line":224,"column":0},"end":{"line":224,"column":62}},"224":{"start":{"line":225,"column":0},"end":{"line":225,"column":9}},"225":{"start":{"line":226,"column":0},"end":{"line":226,"column":36}},"226":{"start":{"line":227,"column":0},"end":{"line":227,"column":13}},"227":{"start":{"line":228,"column":0},"end":{"line":228,"column":86}},"228":{"start":{"line":229,"column":0},"end":{"line":229,"column":122}},"229":{"start":{"line":230,"column":0},"end":{"line":230,"column":13}},"230":{"start":{"line":231,"column":0},"end":{"line":231,"column":66}},"231":{"start":{"line":232,"column":0},"end":{"line":232,"column":21}},"232":{"start":{"line":233,"column":0},"end":{"line":233,"column":32}},"233":{"start":{"line":234,"column":0},"end":{"line":234,"column":16}},"234":{"start":{"line":235,"column":0},"end":{"line":235,"column":8}},"235":{"start":{"line":236,"column":0},"end":{"line":236,"column":32}},"236":{"start":{"line":237,"column":0},"end":{"line":237,"column":81}},"237":{"start":{"line":238,"column":0},"end":{"line":238,"column":46}},"238":{"start":{"line":239,"column":0},"end":{"line":239,"column":74}},"239":{"start":{"line":240,"column":0},"end":{"line":240,"column":9}},"240":{"start":{"line":241,"column":0},"end":{"line":241,"column":9}},"241":{"start":{"line":242,"column":0},"end":{"line":242,"column":45}},"242":{"start":{"line":243,"column":0},"end":{"line":243,"column":57}},"243":{"start":{"line":244,"column":0},"end":{"line":244,"column":5}},"244":{"start":{"line":245,"column":0},"end":{"line":245,"column":5}},"245":{"start":{"line":246,"column":0},"end":{"line":246,"column":1}},"247":{"start":{"line":248,"column":0},"end":{"line":248,"column":63}},"248":{"start":{"line":249,"column":0},"end":{"line":249,"column":72}},"250":{"start":{"line":251,"column":0},"end":{"line":251,"column":45}},"251":{"start":{"line":252,"column":0},"end":{"line":252,"column":85}},"253":{"start":{"line":254,"column":0},"end":{"line":254,"column":38}},"254":{"start":{"line":255,"column":0},"end":{"line":255,"column":86}},"255":{"start":{"line":256,"column":0},"end":{"line":256,"column":85}},"256":{"start":{"line":257,"column":0},"end":{"line":257,"column":11}},"257":{"start":{"line":258,"column":0},"end":{"line":258,"column":3}},"259":{"start":{"line":260,"column":0},"end":{"line":260,"column":39}},"260":{"start":{"line":261,"column":0},"end":{"line":261,"column":79}},"261":{"start":{"line":262,"column":0},"end":{"line":262,"column":1}},"263":{"start":{"line":264,"column":0},"end":{"line":264,"column":52}},"264":{"start":{"line":265,"column":0},"end":{"line":265,"column":79}},"266":{"start":{"line":267,"column":0},"end":{"line":267,"column":45}},"267":{"start":{"line":268,"column":0},"end":{"line":268,"column":89}},"269":{"start":{"line":270,"column":0},"end":{"line":270,"column":37}},"270":{"start":{"line":271,"column":0},"end":{"line":271,"column":88}},"271":{"start":{"line":272,"column":0},"end":{"line":272,"column":11}},"272":{"start":{"line":273,"column":0},"end":{"line":273,"column":3}},"274":{"start":{"line":275,"column":0},"end":{"line":275,"column":105}},"275":{"start":{"line":276,"column":0},"end":{"line":276,"column":18}},"276":{"start":{"line":277,"column":0},"end":{"line":277,"column":87}},"277":{"start":{"line":278,"column":0},"end":{"line":278,"column":11}},"278":{"start":{"line":279,"column":0},"end":{"line":279,"column":3}},"280":{"start":{"line":281,"column":0},"end":{"line":281,"column":78}},"281":{"start":{"line":282,"column":0},"end":{"line":282,"column":39}},"282":{"start":{"line":283,"column":0},"end":{"line":283,"column":47}},"283":{"start":{"line":284,"column":0},"end":{"line":284,"column":18}},"284":{"start":{"line":285,"column":0},"end":{"line":285,"column":12}},"285":{"start":{"line":286,"column":0},"end":{"line":286,"column":21}},"286":{"start":{"line":287,"column":0},"end":{"line":287,"column":25}},"287":{"start":{"line":288,"column":0},"end":{"line":288,"column":76}},"288":{"start":{"line":289,"column":0},"end":{"line":289,"column":38}},"289":{"start":{"line":290,"column":0},"end":{"line":290,"column":61}},"290":{"start":{"line":291,"column":0},"end":{"line":291,"column":49}},"291":{"start":{"line":292,"column":0},"end":{"line":292,"column":119}},"292":{"start":{"line":293,"column":0},"end":{"line":293,"column":88}},"293":{"start":{"line":294,"column":0},"end":{"line":294,"column":5}},"294":{"start":{"line":295,"column":0},"end":{"line":295,"column":5}},"295":{"start":{"line":296,"column":0},"end":{"line":296,"column":1}}},"s":{"0":0,"1":0,"2":0,"3":0,"4":0,"5":0,"6":0,"8":0,"10":0,"11":0,"12":0,"14":0,"15":0,"16":0,"18":0,"19":0,"20":0,"21":0,"22":0,"23":0,"24":0,"26":0,"27":0,"28":0,"29":0,"30":0,"31":0,"32":0,"33":0,"35":0,"36":0,"37":0,"38":0,"39":0,"40":0,"42":0,"43":0,"45":0,"46":0,"47":0,"48":0,"49":0,"50":0,"51":0,"52":0,"53":0,"54":0,"55":0,"57":0,"58":0,"59":0,"60":0,"61":0,"62":0,"63":0,"64":0,"66":0,"67":0,"68":0,"69":0,"70":0,"71":0,"73":0,"74":0,"75":0,"76":0,"77":0,"78":0,"79":0,"80":0,"81":0,"82":0,"84":0,"85":0,"86":0,"87":0,"89":0,"90":0,"91":0,"92":0,"93":0,"94":0,"95":0,"96":0,"97":0,"98":0,"99":0,"100":0,"101":0,"102":0,"103":0,"104":0,"105":0,"106":0,"107":0,"108":0,"109":0,"110":0,"111":0,"113":0,"114":0,"115":0,"116":0,"118":0,"119":0,"120":0,"121":0,"123":0,"124":0,"125":0,"126":0,"127":0,"128":0,"129":0,"130":0,"131":0,"132":0,"133":0,"134":0,"135":0,"136":0,"137":0,"138":0,"139":0,"140":0,"141":0,"142":0,"143":0,"144":0,"145":0,"146":0,"147":0,"148":0,"150":0,"151":0,"152":0,"153":0,"154":0,"156":0,"157":0,"158":0,"159":0,"161":0,"162":0,"163":0,"164":0,"165":0,"166":0,"167":0,"168":0,"169":0,"171":0,"172":0,"173":0,"174":0,"175":0,"176":0,"177":0,"179":0,"180":0,"182":0,"183":0,"184":0,"185":0,"186":0,"187":0,"188":0,"190":0,"191":0,"192":0,"193":0,"194":0,"195":0,"196":0,"197":0,"198":0,"199":0,"200":0,"201":0,"202":0,"203":0,"205":0,"206":0,"207":0,"208":0,"209":0,"210":0,"212":0,"214":0,"215":0,"216":0,"217":0,"218":0,"219":0,"220":0,"221":0,"222":0,"223":0,"224":0,"225":0,"226":0,"227":0,"228":0,"229":0,"230":0,"231":0,"232":0,"233":0,"234":0,"235":0,"236":0,"237":0,"238":0,"239":0,"240":0,"241":0,"242":0,"243":0,"244":0,"245":0,"247":0,"248":0,"250":0,"251":0,"253":0,"254":0,"255":0,"256":0,"257":0,"259":0,"260":0,"261":0,"263":0,"264":0,"266":0,"267":0,"269":0,"270":0,"271":0,"272":0,"274":0,"275":0,"276":0,"277":0,"278":0,"280":0,"281":0,"282":0,"283":0,"284":0,"285":0,"286":0,"287":0,"288":0,"289":0,"290":0,"291":0,"292":0,"293":0,"294":0,"295":0},"branchMap":{"0":{"type":"branch","line":1,"loc":{"start":{"line":1,"column":11020},"end":{"line":296,"column":1}},"locations":[{"start":{"line":1,"column":11020},"end":{"line":296,"column":1}}]}},"b":{"0":[0]},"fnMap":{"0":{"name":"(empty-report)","decl":{"start":{"line":1,"column":11020},"end":{"line":296,"column":1}},"loc":{"start":{"line":1,"column":11020},"end":{"line":296,"column":1}},"line":1}},"f":{"0":0}}
,"/home/splashxxx/ai_os_plugin/src/services/claudeDetector.ts": {"path":"/home/splashxxx/ai_os_plugin/src/services/claudeDetector.ts","all":true,"statementMap":{"4":{"start":{"line":5,"column":0},"end":{"line":5,"column":33}},"5":{"start":{"line":6,"column":0},"end":{"line":6,"column":41}},"6":{"start":{"line":7,"column":0},"end":{"line":7,"column":34}},"17":{"start":{"line":18,"column":0},"end":{"line":18,"column":59}},"18":{"start":{"line":19,"column":0},"end":{"line":19,"column":41}},"19":{"start":{"line":20,"column":0},"end":{"line":20,"column":30}},"20":{"start":{"line":21,"column":0},"end":{"line":21,"column":24}},"21":{"start":{"line":22,"column":0},"end":{"line":22,"column":4}},"23":{"start":{"line":24,"column":0},"end":{"line":24,"column":7}},"24":{"start":{"line":25,"column":0},"end":{"line":25,"column":72}},"25":{"start":{"line":26,"column":0},"end":{"line":26,"column":50}},"26":{"start":{"line":27,"column":0},"end":{"line":27,"column":19}},"27":{"start":{"line":28,"column":0},"end":{"line":28,"column":82}},"28":{"start":{"line":29,"column":0},"end":{"line":29,"column":3}},"30":{"start":{"line":31,"column":0},"end":{"line":31,"column":7}},"31":{"start":{"line":32,"column":0},"end":{"line":32,"column":91}},"32":{"start":{"line":33,"column":0},"end":{"line":33,"column":49}},"33":{"start":{"line":34,"column":0},"end":{"line":34,"column":31}},"34":{"start":{"line":35,"column":0},"end":{"line":35,"column":11}},"35":{"start":{"line":36,"column":0},"end":{"line":36,"column":32}},"36":{"start":{"line":37,"column":0},"end":{"line":37,"column":3}},"38":{"start":{"line":39,"column":0},"end":{"line":39,"column":102}},"39":{"start":{"line":40,"column":0},"end":{"line":40,"column":16}},"40":{"start":{"line":41,"column":0},"end":{"line":41,"column":1}}},"s":{"4":0,"5":0,"6":0,"17":0,"18":0,"19":0,"20":0,"21":0,"23":0,"24":0,"25":0,"26":0,"27":0,"28":0,"30":0,"31":0,"32":0,"33":0,"34":0,"35":0,"36":0,"38":0,"39":0,"40":0},"branchMap":{"0":{"type":"branch","line":1,"loc":{"start":{"line":1,"column":1179},"end":{"line":41,"column":1}},"locations":[{"start":{"line":1,"column":1179},"end":{"line":41,"column":1}}]}},"b":{"0":[1]},"fnMap":{"0":{"name":"(empty-report)","decl":{"start":{"line":1,"column":1179},"end":{"line":41,"column":1}},"loc":{"start":{"line":1,"column":1179},"end":{"line":41,"column":1}},"line":1}},"f":{"0":1}}
,"/home/splashxxx/ai_os_plugin/src/services/claudeSpawner.ts": {"path":"/home/splashxxx/ai_os_plugin/src/services/claudeSpawner.ts","all":true,"statementMap":{"4":{"start":{"line":5,"column":0},"end":{"line":5,"column":52}},"5":{"start":{"line":6,"column":0},"end":{"line":6,"column":33}},"6":{"start":{"line":7,"column":0},"end":{"line":7,"column":34}},"15":{"start":{"line":16,"column":0},"end":{"line":16,"column":62}},"18":{"start":{"line":19,"column":0},"end":{"line":19,"column":88}},"21":{"start":{"line":22,"column":0},"end":{"line":22,"column":66}},"23":{"start":{"line":24,"column":0},"end":{"line":24,"column":78}},"24":{"start":{"line":25,"column":0},"end":{"line":25,"column":24}},"25":{"start":{"line":26,"column":0},"end":{"line":26,"column":1}},"27":{"start":{"line":28,"column":0},"end":{"line":28,"column":100}},"28":{"start":{"line":29,"column":0},"end":{"line":29,"column":29}},"29":{"start":{"line":30,"column":0},"end":{"line":30,"column":1}},"35":{"start":{"line":36,"column":0},"end":{"line":36,"column":28}},"36":{"start":{"line":37,"column":0},"end":{"line":37,"column":22}},"37":{"start":{"line":38,"column":0},"end":{"line":38,"column":17}},"38":{"start":{"line":39,"column":0},"end":{"line":39,"column":12}},"44":{"start":{"line":45,"column":0},"end":{"line":45,"column":12}},"46":{"start":{"line":47,"column":0},"end":{"line":47,"column":41}},"47":{"start":{"line":48,"column":0},"end":{"line":48,"column":96}},"48":{"start":{"line":49,"column":0},"end":{"line":49,"column":17}},"49":{"start":{"line":50,"column":0},"end":{"line":50,"column":3}},"51":{"start":{"line":52,"column":0},"end":{"line":52,"column":92}},"53":{"start":{"line":54,"column":0},"end":{"line":54,"column":16}},"54":{"start":{"line":55,"column":0},"end":{"line":55,"column":17}},"55":{"start":{"line":56,"column":0},"end":{"line":56,"column":43}},"56":{"start":{"line":57,"column":0},"end":{"line":57,"column":44}},"57":{"start":{"line":58,"column":0},"end":{"line":58,"column":4}},"59":{"start":{"line":60,"column":0},"end":{"line":60,"column":15}},"60":{"start":{"line":61,"column":0},"end":{"line":61,"column":19}},"61":{"start":{"line":62,"column":0},"end":{"line":62,"column":38}},"62":{"start":{"line":63,"column":0},"end":{"line":63,"column":4}},"64":{"start":{"line":65,"column":0},"end":{"line":65,"column":39}},"65":{"start":{"line":66,"column":0},"end":{"line":66,"column":21}},"66":{"start":{"line":67,"column":0},"end":{"line":67,"column":8}},"67":{"start":{"line":68,"column":0},"end":{"line":68,"column":38}},"68":{"start":{"line":69,"column":0},"end":{"line":69,"column":5}},"70":{"start":{"line":71,"column":0},"end":{"line":71,"column":45}},"71":{"start":{"line":72,"column":0},"end":{"line":72,"column":42}},"72":{"start":{"line":73,"column":0},"end":{"line":73,"column":5}},"74":{"start":{"line":75,"column":0},"end":{"line":75,"column":45}},"75":{"start":{"line":76,"column":0},"end":{"line":76,"column":42}},"76":{"start":{"line":77,"column":0},"end":{"line":77,"column":5}},"78":{"start":{"line":79,"column":0},"end":{"line":79,"column":30}},"79":{"start":{"line":80,"column":0},"end":{"line":80,"column":40}},"80":{"start":{"line":81,"column":0},"end":{"line":81,"column":48}},"82":{"start":{"line":83,"column":0},"end":{"line":83,"column":21}},"83":{"start":{"line":84,"column":0},"end":{"line":84,"column":43}},"84":{"start":{"line":85,"column":0},"end":{"line":85,"column":51}},"85":{"start":{"line":86,"column":0},"end":{"line":86,"column":24}},"86":{"start":{"line":87,"column":0},"end":{"line":87,"column":29}},"87":{"start":{"line":88,"column":0},"end":{"line":88,"column":45}},"88":{"start":{"line":89,"column":0},"end":{"line":89,"column":31}},"89":{"start":{"line":90,"column":0},"end":{"line":90,"column":9}},"90":{"start":{"line":91,"column":0},"end":{"line":91,"column":9}},"91":{"start":{"line":92,"column":0},"end":{"line":92,"column":12}},"92":{"start":{"line":93,"column":0},"end":{"line":93,"column":39}},"93":{"start":{"line":94,"column":0},"end":{"line":94,"column":60}},"94":{"start":{"line":95,"column":0},"end":{"line":95,"column":8}},"95":{"start":{"line":96,"column":0},"end":{"line":96,"column":5}},"97":{"start":{"line":98,"column":0},"end":{"line":98,"column":79}},"100":{"start":{"line":101,"column":0},"end":{"line":101,"column":36}},"101":{"start":{"line":102,"column":0},"end":{"line":102,"column":5}},"103":{"start":{"line":104,"column":0},"end":{"line":104,"column":32}},"104":{"start":{"line":105,"column":0},"end":{"line":105,"column":40}},"105":{"start":{"line":106,"column":0},"end":{"line":106,"column":48}},"106":{"start":{"line":107,"column":0},"end":{"line":107,"column":79}},"107":{"start":{"line":108,"column":0},"end":{"line":108,"column":79}},"110":{"start":{"line":111,"column":0},"end":{"line":111,"column":36}},"111":{"start":{"line":112,"column":0},"end":{"line":112,"column":5}},"113":{"start":{"line":114,"column":0},"end":{"line":114,"column":36}},"114":{"start":{"line":115,"column":0},"end":{"line":115,"column":19}},"115":{"start":{"line":116,"column":0},"end":{"line":116,"column":18}},"116":{"start":{"line":117,"column":0},"end":{"line":117,"column":26}},"117":{"start":{"line":118,"column":0},"end":{"line":118,"column":5}},"119":{"start":{"line":120,"column":0},"end":{"line":120,"column":45}},"120":{"start":{"line":121,"column":0},"end":{"line":121,"column":86}},"121":{"start":{"line":122,"column":0},"end":{"line":122,"column":14}},"122":{"start":{"line":123,"column":0},"end":{"line":123,"column":1}},"127":{"start":{"line":128,"column":0},"end":{"line":128,"column":48}},"128":{"start":{"line":129,"column":0},"end":{"line":129,"column":55}},"129":{"start":{"line":130,"column":0},"end":{"line":130,"column":25}},"130":{"start":{"line":131,"column":0},"end":{"line":131,"column":88}},"131":{"start":{"line":132,"column":0},"end":{"line":132,"column":61}},"132":{"start":{"line":133,"column":0},"end":{"line":133,"column":3}},"133":{"start":{"line":134,"column":0},"end":{"line":134,"column":26}},"134":{"start":{"line":135,"column":0},"end":{"line":135,"column":1}},"139":{"start":{"line":140,"column":0},"end":{"line":140,"column":49}},"140":{"start":{"line":141,"column":0},"end":{"line":141,"column":41}},"141":{"start":{"line":142,"column":0},"end":{"line":142,"column":1}}},"s":{"4":0,"5":0,"6":0,"15":0,"18":0,"21":0,"23":0,"24":0,"25":0,"27":0,"28":0,"29":0,"35":0,"36":0,"37":0,"38":0,"44":0,"46":0,"47":0,"48":0,"49":0,"51":0,"53":0,"54":0,"55":0,"56":0,"57":0,"59":0,"60":0,"61":0,"62":0,"64":0,"65":0,"66":0,"67":0,"68":0,"70":0,"71":0,"72":0,"74":0,"75":0,"76":0,"78":0,"79":0,"80":0,"82":0,"83":0,"84":0,"85":0,"86":0,"87":0,"88":0,"89":0,"90":0,"91":0,"92":0,"93":0,"94":0,"95":0,"97":0,"100":0,"101":0,"103":0,"104":0,"105":0,"106":0,"107":0,"110":0,"111":0,"113":0,"114":0,"115":0,"116":0,"117":0,"119":0,"120":0,"121":0,"122":0,"127":0,"128":0,"129":0,"130":0,"131":0,"132":0,"133":0,"134":0,"139":0,"140":0,"141":0},"branchMap":{"0":{"type":"branch","line":1,"loc":{"start":{"line":1,"column":4072},"end":{"line":142,"column":1}},"locations":[{"start":{"line":1,"column":4072},"end":{"line":142,"column":1}}]}},"b":{"0":[1]},"fnMap":{"0":{"name":"(empty-report)","decl":{"start":{"line":1,"column":4072},"end":{"line":142,"column":1}},"loc":{"start":{"line":1,"column":4072},"end":{"line":142,"column":1}},"line":1}},"f":{"0":1}}
,"/home/splashxxx/ai_os_plugin/src/services/claudeTrigger.ts": {"path":"/home/splashxxx/ai_os_plugin/src/services/claudeTrigger.ts","all":true,"statementMap":{"5":{"start":{"line":6,"column":0},"end":{"line":6,"column":33}},"6":{"start":{"line":7,"column":0},"end":{"line":7,"column":64}},"7":{"start":{"line":8,"column":0},"end":{"line":8,"column":34}},"24":{"start":{"line":25,"column":0},"end":{"line":25,"column":28}},"25":{"start":{"line":26,"column":0},"end":{"line":26,"column":48}},"26":{"start":{"line":27,"column":0},"end":{"line":27,"column":42}},"28":{"start":{"line":29,"column":0},"end":{"line":29,"column":42}},"29":{"start":{"line":30,"column":0},"end":{"line":30,"column":23}},"30":{"start":{"line":31,"column":0},"end":{"line":31,"column":3}},"32":{"start":{"line":33,"column":0},"end":{"line":33,"column":42}},"33":{"start":{"line":34,"column":0},"end":{"line":34,"column":32}},"34":{"start":{"line":35,"column":0},"end":{"line":35,"column":3}},"39":{"start":{"line":40,"column":0},"end":{"line":40,"column":50}},"40":{"start":{"line":41,"column":0},"end":{"line":41,"column":31}},"42":{"start":{"line":43,"column":0},"end":{"line":43,"column":61}},"43":{"start":{"line":44,"column":0},"end":{"line":44,"column":78}},"45":{"start":{"line":46,"column":0},"end":{"line":46,"column":27}},"46":{"start":{"line":47,"column":0},"end":{"line":47,"column":85}},"47":{"start":{"line":48,"column":0},"end":{"line":48,"column":13}},"48":{"start":{"line":49,"column":0},"end":{"line":49,"column":5}},"51":{"start":{"line":52,"column":0},"end":{"line":52,"column":52}},"52":{"start":{"line":53,"column":0},"end":{"line":53,"column":73}},"53":{"start":{"line":54,"column":0},"end":{"line":54,"column":13}},"54":{"start":{"line":55,"column":0},"end":{"line":55,"column":5}},"56":{"start":{"line":57,"column":0},"end":{"line":57,"column":25}},"57":{"start":{"line":58,"column":0},"end":{"line":58,"column":3}},"62":{"start":{"line":63,"column":0},"end":{"line":63,"column":110}},"63":{"start":{"line":64,"column":0},"end":{"line":64,"column":61}},"64":{"start":{"line":65,"column":0},"end":{"line":65,"column":75}},"65":{"start":{"line":66,"column":0},"end":{"line":66,"column":64}},"66":{"start":{"line":67,"column":0},"end":{"line":67,"column":86}},"68":{"start":{"line":69,"column":0},"end":{"line":69,"column":43}},"70":{"start":{"line":71,"column":0},"end":{"line":71,"column":23}},"71":{"start":{"line":72,"column":0},"end":{"line":72,"column":67}},"72":{"start":{"line":73,"column":0},"end":{"line":73,"column":65}},"73":{"start":{"line":74,"column":0},"end":{"line":74,"column":18}},"74":{"start":{"line":75,"column":0},"end":{"line":75,"column":17}},"75":{"start":{"line":76,"column":0},"end":{"line":76,"column":8}},"77":{"start":{"line":78,"column":0},"end":{"line":78,"column":36}},"78":{"start":{"line":79,"column":0},"end":{"line":79,"column":72}},"79":{"start":{"line":80,"column":0},"end":{"line":80,"column":15}},"80":{"start":{"line":81,"column":0},"end":{"line":81,"column":7}},"81":{"start":{"line":82,"column":0},"end":{"line":82,"column":5}},"83":{"start":{"line":84,"column":0},"end":{"line":84,"column":44}},"84":{"start":{"line":85,"column":0},"end":{"line":85,"column":25}},"85":{"start":{"line":86,"column":0},"end":{"line":86,"column":18}},"86":{"start":{"line":87,"column":0},"end":{"line":87,"column":19}},"87":{"start":{"line":88,"column":0},"end":{"line":88,"column":15}},"88":{"start":{"line":89,"column":0},"end":{"line":89,"column":7}},"89":{"start":{"line":90,"column":0},"end":{"line":90,"column":3}},"94":{"start":{"line":95,"column":0},"end":{"line":95,"column":52}},"95":{"start":{"line":96,"column":0},"end":{"line":96,"column":19}},"96":{"start":{"line":97,"column":0},"end":{"line":97,"column":84}},"97":{"start":{"line":98,"column":0},"end":{"line":98,"column":30}},"98":{"start":{"line":99,"column":0},"end":{"line":99,"column":6}},"100":{"start":{"line":101,"column":0},"end":{"line":101,"column":21}},"102":{"start":{"line":103,"column":0},"end":{"line":103,"column":33}},"103":{"start":{"line":104,"column":0},"end":{"line":104,"column":52}},"104":{"start":{"line":105,"column":0},"end":{"line":105,"column":130}},"105":{"start":{"line":106,"column":0},"end":{"line":106,"column":21}},"106":{"start":{"line":107,"column":0},"end":{"line":107,"column":42}},"107":{"start":{"line":108,"column":0},"end":{"line":108,"column":5}},"109":{"start":{"line":110,"column":0},"end":{"line":110,"column":50}},"110":{"start":{"line":111,"column":0},"end":{"line":111,"column":55}},"111":{"start":{"line":112,"column":0},"end":{"line":112,"column":5}},"113":{"start":{"line":114,"column":0},"end":{"line":114,"column":19}},"114":{"start":{"line":115,"column":0},"end":{"line":115,"column":32}},"115":{"start":{"line":116,"column":0},"end":{"line":116,"column":74}},"116":{"start":{"line":117,"column":0},"end":{"line":117,"column":62}},"117":{"start":{"line":118,"column":0},"end":{"line":118,"column":72}},"118":{"start":{"line":119,"column":0},"end":{"line":119,"column":57}},"120":{"start":{"line":121,"column":0},"end":{"line":121,"column":28}},"121":{"start":{"line":122,"column":0},"end":{"line":122,"column":3}},"122":{"start":{"line":123,"column":0},"end":{"line":123,"column":1}}},"s":{"5":0,"6":0,"7":0,"24":0,"25":0,"26":0,"28":0,"29":0,"30":0,"32":0,"33":0,"34":0,"39":0,"40":0,"42":0,"43":0,"45":0,"46":0,"47":0,"48":0,"51":0,"52":0,"53":0,"54":0,"56":0,"57":0,"62":0,"63":0,"64":0,"65":0,"66":0,"68":0,"70":0,"71":0,"72":0,"73":0,"74":0,"75":0,"77":0,"78":0,"79":0,"80":0,"81":0,"83":0,"84":0,"85":0,"86":0,"87":0,"88":0,"89":0,"94":0,"95":0,"96":0,"97":0,"98":0,"100":0,"102":0,"103":0,"104":0,"105":0,"106":0,"107":0,"109":0,"110":0,"111":0,"113":0,"114":0,"115":0,"116":0,"117":0,"118":0,"120":0,"121":0,"122":0},"branchMap":{"0":{"type":"branch","line":1,"loc":{"start":{"line":1,"column":3668},"end":{"line":123,"column":1}},"locations":[{"start":{"line":1,"column":3668},"end":{"line":123,"column":1}}]}},"b":{"0":[1]},"fnMap":{"0":{"name":"(empty-report)","decl":{"start":{"line":1,"column":3668},"end":{"line":123,"column":1}},"loc":{"start":{"line":1,"column":3668},"end":{"line":123,"column":1}},"line":1}},"f":{"0":1}}
,"/home/splashxxx/ai_os_plugin/src/services/delta.ts": {"path":"/home/splashxxx/ai_os_plugin/src/services/delta.ts","all":false,"statementMap":{"3":{"start":{"line":4,"column":0},"end":{"line":4,"column":34}},"27":{"start":{"line":28,"column":0},"end":{"line":28,"column":29}},"28":{"start":{"line":29,"column":0},"end":{"line":29,"column":41}},"29":{"start":{"line":30,"column":0},"end":{"line":30,"column":33}},"30":{"start":{"line":31,"column":0},"end":{"line":31,"column":17}},"31":{"start":{"line":32,"column":0},"end":{"line":32,"column":131}},"32":{"start":{"line":33,"column":0},"end":{"line":33,"column":34}},"34":{"start":{"line":35,"column":0},"end":{"line":35,"column":55}},"36":{"start":{"line":37,"column":0},"end":{"line":37,"column":36}},"37":{"start":{"line":38,"column":0},"end":{"line":38,"column":62}},"38":{"start":{"line":39,"column":0},"end":{"line":39,"column":39}},"39":{"start":{"line":40,"column":0},"end":{"line":40,"column":51}},"40":{"start":{"line":41,"column":0},"end":{"line":41,"column":39}},"42":{"start":{"line":43,"column":0},"end":{"line":43,"column":66}},"44":{"start":{"line":45,"column":0},"end":{"line":45,"column":41}},"45":{"start":{"line":46,"column":0},"end":{"line":46,"column":16}},"47":{"start":{"line":48,"column":0},"end":{"line":48,"column":89}},"48":{"start":{"line":49,"column":0},"end":{"line":49,"column":19}},"49":{"start":{"line":50,"column":0},"end":{"line":50,"column":26}},"50":{"start":{"line":51,"column":0},"end":{"line":51,"column":27}},"51":{"start":{"line":52,"column":0},"end":{"line":52,"column":32}},"52":{"start":{"line":53,"column":0},"end":{"line":53,"column":9}},"53":{"start":{"line":54,"column":0},"end":{"line":54,"column":40}},"55":{"start":{"line":56,"column":0},"end":{"line":56,"column":106}},"56":{"start":{"line":57,"column":0},"end":{"line":57,"column":19}},"57":{"start":{"line":58,"column":0},"end":{"line":58,"column":26}},"58":{"start":{"line":59,"column":0},"end":{"line":59,"column":27}},"59":{"start":{"line":60,"column":0},"end":{"line":60,"column":48}},"60":{"start":{"line":61,"column":0},"end":{"line":61,"column":9}},"61":{"start":{"line":62,"column":0},"end":{"line":62,"column":110}},"63":{"start":{"line":64,"column":0},"end":{"line":64,"column":107}},"64":{"start":{"line":65,"column":0},"end":{"line":65,"column":19}},"65":{"start":{"line":66,"column":0},"end":{"line":66,"column":26}},"66":{"start":{"line":67,"column":0},"end":{"line":67,"column":29}},"67":{"start":{"line":68,"column":0},"end":{"line":68,"column":62}},"68":{"start":{"line":69,"column":0},"end":{"line":69,"column":9}},"69":{"start":{"line":70,"column":0},"end":{"line":70,"column":5}},"70":{"start":{"line":71,"column":0},"end":{"line":71,"column":3}},"73":{"start":{"line":74,"column":0},"end":{"line":74,"column":45}},"74":{"start":{"line":75,"column":0},"end":{"line":75,"column":36}},"75":{"start":{"line":76,"column":0},"end":{"line":76,"column":100}},"76":{"start":{"line":77,"column":0},"end":{"line":77,"column":19}},"77":{"start":{"line":78,"column":0},"end":{"line":78,"column":26}},"78":{"start":{"line":79,"column":0},"end":{"line":79,"column":29}},"79":{"start":{"line":80,"column":0},"end":{"line":80,"column":46}},"80":{"start":{"line":81,"column":0},"end":{"line":81,"column":9}},"81":{"start":{"line":82,"column":0},"end":{"line":82,"column":5}},"82":{"start":{"line":83,"column":0},"end":{"line":83,"column":3}},"84":{"start":{"line":85,"column":0},"end":{"line":85,"column":78}},"85":{"start":{"line":86,"column":0},"end":{"line":86,"column":16}},"86":{"start":{"line":87,"column":0},"end":{"line":87,"column":1}},"92":{"start":{"line":93,"column":0},"end":{"line":93,"column":62}},"93":{"start":{"line":94,"column":0},"end":{"line":94,"column":81}},"94":{"start":{"line":95,"column":0},"end":{"line":95,"column":44}},"95":{"start":{"line":96,"column":0},"end":{"line":96,"column":49}},"96":{"start":{"line":97,"column":0},"end":{"line":97,"column":69}},"97":{"start":{"line":98,"column":0},"end":{"line":98,"column":21}},"98":{"start":{"line":99,"column":0},"end":{"line":99,"column":5}},"99":{"start":{"line":100,"column":0},"end":{"line":100,"column":3}},"100":{"start":{"line":101,"column":0},"end":{"line":101,"column":80}},"101":{"start":{"line":102,"column":0},"end":{"line":102,"column":19}},"102":{"start":{"lin
[...]
umn":0},"end":{"line":512,"column":1}}},"s":{"2":1,"3":1,"4":1,"5":1,"7":1,"30":1,"31":42,"32":42,"34":42,"41":42,"42":42,"43":42,"46":42,"47":3,"48":39,"49":42,"51":42,"52":42,"57":42,"58":6,"59":6,"60":6,"65":42,"66":0,"67":0,"68":0,"69":0,"70":0,"71":0,"72":0,"74":0,"75":0,"76":0,"77":0,"78":0,"79":0,"80":0,"84":0,"85":0,"86":0,"87":0,"88":0,"89":0,"90":0,"91":0,"92":0,"93":0,"94":0,"95":0,"96":0,"97":0,"98":0,"99":0,"104":42,"105":2,"106":2,"107":2,"108":2,"109":2,"110":1,"111":1,"112":1,"113":2,"114":2,"115":1,"116":1,"117":2,"118":2,"119":0,"120":0,"121":0,"122":2,"123":2,"128":42,"129":23,"130":23,"131":23,"132":23,"133":23,"138":42,"139":5,"140":5,"141":5,"142":5,"143":5,"144":5,"145":5,"150":42,"151":6,"152":6,"153":6,"155":6,"156":14,"157":14,"158":11,"159":14,"160":14,"162":11,"163":14,"164":8,"165":8,"166":8,"167":14,"169":6,"170":6,"171":6,"176":42,"177":18,"178":18,"179":18,"180":18,"181":18,"182":18,"183":18,"189":42,"190":10,"191":10,"192":10,"193":10,"194":10,"195":10,"201":42,"202":8,"203":8,"204":8,"205":8,"206":8,"207":8,"208":8,"213":42,"214":7,"215":7,"220":42,"221":7,"222":7,"223":7,"224":7,"225":7,"226":7,"228":7,"229":7,"234":42,"235":7,"238":7,"239":7,"241":7,"242":7,"243":7,"245":7,"246":7,"247":7,"248":7,"249":7,"251":7,"252":0,"253":0,"254":0,"256":0,"257":0,"259":0,"261":0,"262":0,"263":0,"265":0,"266":0,"267":0,"268":0,"269":7,"270":7,"275":42,"276":3,"277":3,"280":0,"281":3,"282":3,"283":3,"284":3,"289":42,"290":3,"292":3,"293":3,"294":3,"295":3,"298":0,"299":0,"300":0,"301":0,"303":0,"304":0,"305":0,"306":0,"307":0,"309":0,"310":0,"311":0,"312":0,"313":0,"314":0,"315":0,"316":0,"317":3,"318":3,"319":3,"320":3,"321":3,"322":3,"323":3,"328":42,"329":1,"331":1,"332":1,"333":1,"334":1,"336":0,"337":0,"338":0,"339":0,"340":0,"341":0,"342":0,"343":0,"344":1,"345":1,"346":1,"347":1,"348":1,"349":1,"350":1,"355":42,"356":2,"357":2,"359":2,"360":2,"361":0,"362":2,"363":2,"364":2,"365":2,"367":2,"368":2,"369":2,"375":42,"376":2,"378":2,"379":2,"380":2,"381":2,"382":2,"385":2,"386":1,"387":1,"388":1,"391":1,"392":1,"393":1,"394":1,"397":1,"398":0,"400":0,"401":0,"403":0,"404":0,"405":0,"407":0,"408":0,"409":0,"411":0,"412":0,"413":0,"414":0,"415":0,"416":0,"417":0,"418":0,"419":2,"420":1,"421":1,"422":1,"423":1,"424":2,"425":2,"430":42,"431":2,"433":2,"434":2,"435":1,"436":1,"437":1,"440":1,"441":0,"442":0,"443":0,"444":0,"445":0,"448":0,"449":0,"450":0,"451":0,"452":0,"453":0,"454":0,"455":0,"456":0,"457":2,"458":1,"459":1,"460":1,"461":1,"462":2,"467":42,"468":1,"470":1,"471":1,"472":1,"473":1,"474":1,"477":1,"478":0,"479":0,"480":0,"481":0,"482":0,"484":0,"485":0,"486":0,"487":0,"488":0,"489":0,"490":0,"491":0,"494":1,"495":1,"496":0,"497":0,"498":0,"500":0,"502":0,"503":0,"504":1,"505":1,"506":1,"507":1,"508":1,"509":1,"510":1,"511":42},"branchMap":{"0":{"type":"branch","line":31,"loc":{"start":{"line":31,"column":25},"end":{"line":512,"column":1}},"locations":[{"start":{"line":31,"column":25},"end":{"line":512,"column":1}}]},"1":{"type":"branch","line":42,"loc":{"start":{"line":42,"column":9},"end":{"line":53,"column":3}},"locations":[{"start":{"line":42,"column":9},"end":{"line":53,"column":3}}]},"2":{"type":"branch","line":47,"loc":{"start":{"line":47,"column":43},"end":{"line":48,"column":43}},"locations":[{"start":{"line":47,"column":43},"end":{"line":48,"column":43}}]},"3":{"type":"branch","line":48,"loc":{"start":{"line":48,"column":42},"end":{"line":49,"column":17}},"locations":[{"start":{"line":48,"column":42},"end":{"line":49,"column":17}}]},"4":{"type":"branch","line":58,"loc":{"start":{"line":58,"column":9},"end":{"line":61,"column":3}},"locations":[{"start":{"line":58,"column":9},"end":{"line":61,"column":3}}]},"5":{"type":"branch","line":105,"loc":{"start":{"line":105,"column":2},"end":{"line":124,"column":3}},"locations":[{"start":{"line":105,"column":2},"end":{"line":124,"column":3}}]},"6":{"type":"branch","line":107,"loc":{"start":{"line":107,"column":23},"end":{"line":123,"column":5}},"locations":[{"start":{"line":107,"column":23},"end":{"line":123,"column":5}}]},"7":{"type":"branch","line":119,"loc":{"start":{"line":119,"column":6},"end":{"line":122,"column":7}},"locations":[{"start":{"line":119,"column":6},"end":{"line":122,"column":7}}]},"8":{"type":"branch","line":110,"loc":{"start":{"line":110,"column":25},"end":{"line":114,"column":9}},"locations":[{"start":{"line":110,"column":25},"end":{"line":114,"column":9}}]},"9":{"type":"branch","line":115,"loc":{"start":{"line":115,"column":26},"end":{"line":118,"column":9}},"locations":[{"start":{"line":115,"column":26},"end":{"line":118,"column":9}}]},"10":{"type":"branch","line":129,"loc":{"start":{"line":129,"column":9},"end":{"line":134,"column":3}},"locations":[{"start":{"line":129,"column":9},"end":{"line":134,"column":3}}]},"11":{"type":"branch","line":139,"loc":{"start":{"line":139,"column":9},"end":{"line":146,"column":3}},"locations":[{"start":{"line":139,"column":9},"end":{"line":146,"column":3}}]},"12":{"type":"branch","line":151,"loc":{"start":{"line":151,"column":9},"end":{"line":172,"column":3}},"locations":[{"start":{"line":151,"column":9},"end":{"line":172,"column":3}}]},"13":{"type":"branch","line":156,"loc":{"start":{"line":156,"column":30},"end":{"line":168,"column":5}},"locations":[{"start":{"line":156,"column":30},"end":{"line":168,"column":5}}]},"14":{"type":"branch","line":158,"loc":{"start":{"line":158,"column":43},"end":{"line":158,"column":52}},"locations":[{"start":{"line":158,"column":43},"end":{"line":158,"column":52}}]},"15":{"type":"branch","line":158,"loc":{"start":{"line":158,"column":43},"end":{"line":159,"column":52}},"locations":[{"start":{"line":158,"column":43},"end":{"line":159,"column":52}}]},"16":{"type":"branch","line":161,"loc":{"start":{"line":161,"column":11},"end":{"line":161,"column":27}},"locations":[{"start":{"line":161,"column":11},"end":{"line":161,"column":27}}]},"17":{"type":"branch","line":161,"loc":{"start":{"line":161,"column":27},"end":{"line":161,"column":36}},"locations":[{"start":{"line":161,"column":27},"end":{"line":161,"column":36}}]},"18":{"type":"branch","line":161,"loc":{"start":{"line":161,"column":27},"end":{"line":164,"column":26}},"locations":[{"start":{"line":161,"column":27},"end":{"line":164,"column":26}}]},"19":{"type":"branch","line":164,"loc":{"start":{"line":164,"column":26},"end":{"line":167,"column":7}},"locations":[{"start":{"line":164,"column":26},"end":{"line":167,"column":7}}]},"20":{"type":"branch","line":177,"loc":{"start":{"line":177,"column":10},"end":{"line":184,"column":3}},"locations":[{"start":{"line":177,"column":10},"end":{"line":184,"column":3}}]},"21":{"type":"branch","line":190,"loc":{"start":{"line":190,"column":9},"end":{"line":196,"column":3}},"locations":[{"start":{"line":190,"column":9},"end":{"line":196,"column":3}}]},"22":{"type":"branch","line":202,"loc":{"start":{"line":202,"column":9},"end":{"line":209,"column":3}},"locations":[{"start":{"line":202,"column":9},"end":{"line":209,"column":3}}]},"23":{"type":"branch","line":214,"loc":{"start":{"line":214,"column":10},"end":{"line":216,"column":3}},"locations":[{"start":{"line":214,"column":10},"end":{"line":216,"column":3}}]},"24":{"type":"branch","line":221,"loc":{"start":{"line":221,"column":2},"end":{"line":230,"column":3}},"locations":[{"start":{"line":221,"column":2},"end":{"line":230,"column":3}}]},"25":{"type":"branch","line":235,"loc":{"start":{"line":235,"column":10},"end":{"line":271,"column":3}},"locations":[{"start":{"line":235,"column":10},"end":{"line":271,"column":3}}]},"26":{"type":"branch","line":276,"loc":{"start":{"line":276,"column":2},"end":{"line":285,"column":3}},"locations":[{"start":{"line":276,"column":2},"end":{"line":285,"column":3}}]},"27":{"type":"branch","line":278,"loc":{"start":{"line":278,"column":121},"end":{"line":282,"column":38}},"locations":[{"start":{"line":278,"column":121},"end":{"line":282,"column":38}}]},"28":{"type":"branch","line":282,"loc":{"start":{"line":282,"column":34},"end":{"line":282,"column":45}},"locations":[{"start":{"line":282,"column":34},"end":{"line":282,"column":45}}]},"29":{"type":"branch","line":290,"loc":{"start":{"line":290,"column":2},"end":{"line":324,"column":3}},"locations":[{"start":{"line":290,"column":2},"end":{"line":324,"column":3}}]},"30":{"type":"branch","line":293,"loc":{"start":{"line":293,"column":41},"end":{"line":323,"column":5}},"locations":[{"start":{"line":293,"column":41},"end":{"line":323,"column":5}}]},"31":{"type":"branch","line":296,"loc":{"start":{"line":296,"column":72},"end":{"line":317,"column":9}},"locations":[{"start":{"line":296,"column":72},"end":{"line":317,"column":9}}]},"32":{"type":"branch","line":329,"loc":{"start":{"line":329,"column":2},"end":{"line":351,"column":3}},"locations":[{"start":{"line":329,"column":2},"end":{"line":351,"column":3}}]},"33":{"type":"branch","line":332,"loc":{"start":{"line":332,"column":41},"end":{"line":350,"column":5}},"locations":[{"start":{"line":332,"column":41},"end":{"line":350,"column":5}}]},"34":{"type":"branch","line":335,"loc":{"start":{"line":335,"column":71},"end":{"line":344,"column":9}},"locations":[{"start":{"line":335,"column":71},"end":{"line":344,"column":9}}]},"35":{"type":"branch","line":356,"loc":{"start":{"line":356,"column":2},"end":{"line":370,"column":3}},"locations":[{"start":{"line":356,"column":2},"end":{"line":370,"column":3}}]},"36":{"type":"branch","line":361,"loc":{"start":{"line":361,"column":42},"end":{"line":363,"column":13}},"locations":[{"start":{"line":361,"column":42},"end":{"line":363,"column":13}}]},"37":{"type":"branch","line":368,"loc":{"start":{"line":368,"column":75},"end":{"line":368,"column":89}},"locations":[{"start":{"line":368,"column":75},"end":{"line":368,"column":89}}]},"38":{"type":"branch","line":376,"loc":{"start":{"line":376,"column":2},"end":{"line":426,"column":3}},"locations":[{"start":{"line":376,"column":2},"end":{"line":426,"column":3}}]},"39":{"type":"branch","line":379,"loc":{"start":{"line":379,"column":41},"end":{"line":425,"column":5}},"locations":[{"start":{"line":379,"column":41},"end":{"line":425,"column":5}}]},"40":{"type":"branch","line":386,"loc":{"start":{"line":386,"column":41},"end":{"line":398,"column":90}},"locations":[{"start":{"line":386,"column":41},"end":{"line":398,"column":90}}]},"41":{"type":"branch","line":398,"loc":{"start":{"line":398,"column":88},"end":{"line":419,"column":9}},"locations":[{"start":{"line":398,"column":88},"end":{"line":419,"column":9}}]},"42":{"type":"branch","line":420,"loc":{"start":{"line":420,"column":6},"end":{"line":424,"column":7}},"locations":[{"start":{"line":420,"column":6},"end":{"line":424,"column":7}}]},"43":{"type":"branch","line":431,"loc":{"start":{"line":431,"column":2},"end":{"line":463,"column":3}},"locations":[{"start":{"line":431,"column":2},"end":{"line":463,"column":3}}]},"44":{"type":"branch","line":435,"loc":{"start":{"line":435,"column":40},"end":{"line":441,"column":79}},"locations":[{"start":{"line":435,"column":40},"end":{"line":441,"column":79}}]},"45":{"type":"branch","line":441,"loc":{"start":{"line":441,"column":77},"end":{"line":457,"column":7}},"locations":[{"start":{"line":441,"column":77},"end":{"line":457,"column":7}}]},"46":{"type":"branch","line":458,"loc":{"start":{"line":458,"column":4},"end":{"line":462,"column":5}},"locations":[{"start":{"line":458,"column":4},"end":{"line":462,"column":5}}]},"47":{"type":"branch","line":468,"loc":{"start":{"line":468,"column":2},"end":{"line":511,"column":3}},"locations":[{"start":{"line":468,"column":2},"end":{"line":511,"column":3}}]},"48":{"type":"branch","line":471,"loc":{"start":{"line":471,"column":41},"end":{"line":510,"column":5}},"locations":[{"start":{"line":471,"column":41},"end":{"line":510,"column":5}}]},"49":{"type":"branch","line":478,"loc":{"start":{"line":478,"column":41},"end":{"line":492,"column":9}},"locations":[{"start":{"line":478,"column":41},"end":{"line":492,"column":9}}]},"50":{"type":"branch","line":496,"loc":{"start":{"line":496,"column":85},"end":{"line":505,"column":15}},"locations":[{"start":{"line":496,"column":85},"end":{"line":505,"column":15}}]}},"b":{"0":[42],"1":[42],"2":[3],"3":[39],"4":[6],"5":[2],"6":[2],"7":[0],"8":[1],"9":[1],"10":[23],"11":[5],"12":[6],"13":[14],"14":[3],"15":[11],"16":[11],"17":[0],"18":[11],"19":[8],"20":[18],"21":[10],"22":[8],"23":[7],"24":[7],"25":[7],"26":[3],"27":[0],"28":[0],"29":[3],"30":[3],"31":[0],"32":[1],"33":[1],"34":[0],"35":[2],"36":[0],"37":[2],"38":[2],"39":[2],"40":[1],"41":[0],"42":[1],"43":[2],"44":[1],"45":[0],"46":[1],"47":[1],"48":[1],"49":[0],"50":[0]},"fnMap":{"0":{"name":"<instance_members_initializer>","decl":{"start":{"line":31,"column":25},"end":{"line":512,"column":1}},"loc":{"start":{"line":31,"column":25},"end":{"line":512,"column":1}},"line":31},"1":{"name":"RepoManager","decl":{"start":{"line":42,"column":9},"end":{"line":53,"column":3}},"loc":{"start":{"line":42,"column":9},"end":{"line":53,"column":3}},"line":42},"2":{"name":"getReposDir","decl":{"start":{"line":58,"column":9},"end":{"line":61,"column":3}},"loc":{"start":{"line":58,"column":9},"end":{"line":61,"column":3}},"line":58},"3":{"name":"checkGitAvailable","decl":{"start":{"line":66,"column":9},"end":{"line":100,"column":3}},"loc":{"start":{"line":66,"column":9},"end":{"line":100,"column":3}},"line":66},"4":{"name":"checkGitAvailableAsync","decl":{"start":{"line":105,"column":2},"end":{"line":124,"column":3}},"loc":{"start":{"line":105,"column":2},"end":{"line":124,"column":3}},"line":105},"5":{"name":"getRepoPath","decl":{"start":{"line":129,"column":9},"end":{"line":134,"column":3}},"loc":{"start":{"line":129,"column":9},"end":{"line":134,"column":3}},"line":129},"6":{"name":"isRepoCloned","decl":{"start":{"line":139,"column":9},"end":{"line":146,"column":3}},"loc":{"start":{"line":139,"column":9},"end":{"line":146,"column":3}},"line":139},"7":{"name":"extractReposFromItems","decl":{"start":{"line":151,"column":9},"end":{"line":172,"column":3}},"loc":{"start":{"line":151,"column":9},"end":{"line":172,"column":3}},"line":151},"8":{"name":"slugify","decl":{"start":{"line":177,"column":10},"end":{"line":184,"column":3}},"loc":{"start":{"line":177,"column":10},"end":{"line":184,"column":3}},"line":177},"9":{"name":"getBranchName","decl":{"start":{"line":190,"column":9},"end":{"line":196,"column":3}},"loc":{"start":{"line":190,"column":9},"end":{"line":196,"column":3}},"line":190},"10":{"name":"getWorktreePath","decl":{"start":{"line":202,"column":9},"end":{"line":209,"column":3}},"loc":{"start":{"line":202,"column":9},"end":{"line":209,"column":3}},"line":202},"11":{"name":"getRepoKey","decl":{"start":{"line":214,"column":10},"end":{"line":216,"column":3}},"loc":{"start":{"line":214,"column":10},"end":{"line":216,"column":3}},"line":214},"12":{"name":"queueRepoOp","decl":{"start":{"line":221,"column":2},"end":{"line":230,"column":3}},"loc":{"start":{"line":221,"column":2},"end":{"line":230,"column":3}},"line":221},"13":{"name":"runGit","decl":{"start":{"line":235,"column":10},"end":{"line":271,"column":3}},"loc":{"start":{"line":235,"column":10},"end":{"line":271,"column":3}},"line":235},"14":{"name":"detectDefaultBranch","decl":{"start":{"line":276,"column":2},"end":{"line":285,"column":3}},"loc":{"start":{"line":276,"column":2},"end":{"line":285,"column":3}},"line":276},"15":{"name":"cloneRepo","decl":{"start":{"line":290,"column":2},"end":{"line":324,"column":3}},"loc":{"start":{"line":290,"column":2},"end":{"line":324,"column":3}},"line":290},"16":{"name":"updateRepo","decl":{"start":{"line":329,"column":2},"end":{"line":351,"column":3}},"loc":{"start":{"line":329,"column":2},"end":{"line":351,"column":3}},"line":329},"17":{"name":"cloneOrUpdateRepos","decl":{"start":{"line":356,"column":2},"end":{"line":370,"column":3}},"loc":{"start":{"line":356,"column":2},"end":{"line":370,"column":3}},"line":356},"18":{"name":"createWorktree","decl":{"start":{"line":376,"column":2},"end":{"line":426,"column":3}},"loc":{"start":{"line":376,"column":2},"end":{"line":426,"column":3}},"line":376},"19":{"name":"updateWorktree","decl":{"start":{"line":431,"column":2},"end":{"line":463,"column":3}},"loc":{"start":{"line":431,"column":2},"end":{"line":463,"column":3}},"line":431},"20":{"name":"cleanupWorktree","decl":{"start":{"line":468,"column":2},"end":{"line":511,"column":3}},"loc":{"start":{"line":468,"column":2},"end":{"line":511,"column":3}},"line":468}},"f":{"0":42,"1":42,"2":6,"3":0,"4":2,"5":23,"6":5,"7":6,"8":18,"9":10,"10":8,"11":7,"12":7,"13":7,"14":3,"15":3,"16":1,"17":2,"18":2,"19":2,"20":1}}
,"/home/splashxxx/ai_os_plugin/src/services/state.ts": {"path":"/home/splashxxx/ai_os_plugin/src/services/state.ts","all":true,"statementMap":{"1":{"start":{"line":2,"column":0},"end":{"line":2,"column":34}},"3":{"start":{"line":4,"column":0},"end":{"line":4,"column":27}},"4":{"start":{"line":5,"column":0},"end":{"line":5,"column":62}},"5":{"start":{"line":6,"column":0},"end":{"line":6,"column":69}},"7":{"start":{"line":8,"column":0},"end":{"line":8,"column":61}},"8":{"start":{"line":9,"column":0},"end":{"line":9,"column":46}},"9":{"start":{"line":10,"column":0},"end":{"line":10,"column":3}},"12":{"start":{"line":13,"column":0},"end":{"line":13,"column":47}},"13":{"start":{"line":14,"column":0},"end":{"line":14,"column":78}},"14":{"start":{"line":15,"column":0},"end":{"line":15,"column":84}},"15":{"start":{"line":16,"column":0},"end":{"line":16,"column":19}},"16":{"start":{"line":17,"column":0},"end":{"line":17,"column":3}},"19":{"start":{"line":20,"column":0},"end":{"line":20,"column":63}},"20":{"start":{"line":21,"column":0},"end":{"line":21,"column":76}},"21":{"start":{"line":22,"column":0},"end":{"line":22,"column":72}},"22":{"start":{"line":23,"column":0},"end":{"line":23,"column":3}},"25":{"start":{"line":26,"column":0},"end":{"line":26,"column":82}},"26":{"start":{"line":27,"column":0},"end":{"line":27,"column":65}},"27":{"start":{"line":28,"column":0},"end":{"line":28,"column":54}},"28":{"start":{"line":29,"column":0},"end":{"line":29,"column":6}},"29":{"start":{"line":30,"column":0},"end":{"line":30,"column":114}},"30":{"start":{"line":31,"column":0},"end":{"line":31,"column":19}},"31":{"start":{"line":32,"column":0},"end":{"line":32,"column":3}},"34":{"start":{"line":35,"column":0},"end":{"line":35,"column":32}},"35":{"start":{"line":36,"column":0},"end":{"line":36,"column":22}},"36":{"start":{"line":37,"column":0},"end":{"line":37,"column":35}},"37":{"start":{"line":38,"column":0},"end":{"line":38,"column":20}},"38":{"start":{"line":39,"column":0},"end":{"line":39,"column":111}},"39":{"start":{"line":40,"column":0},"end":{"line":40,"column":34}},"40":{"start":{"line":41,"column":0},"end":{"line":41,"column":55}},"41":{"start":{"line":42,"column":0},"end":{"line":42,"column":13}},"42":{"start":{"line":43,"column":0},"end":{"line":43,"column":6}},"43":{"start":{"line":44,"column":0},"end":{"line":44,"column":3}},"46":{"start":{"line":47,"column":0},"end":{"line":47,"column":42}},"47":{"start":{"line":48,"column":0},"end":{"line":48,"column":62}},"48":{"start":{"line":49,"column":0},"end":{"line":49,"column":74}},"49":{"start":{"line":50,"column":0},"end":{"line":50,"column":3}},"50":{"start":{"line":51,"column":0},"end":{"line":51,"column":1}}},"s":{"1":0,"3":0,"4":0,"5":0,"7":0,"8":0,"9":0,"12":0,"13":0,"14":0,"15":0,"16":0,"19":0,"20":0,"21":0,"22":0,"25":0,"26":0,"27":0,"28":0,"29":0,"30":0,"31":0,"34":0,"35":0,"36":0,"37":0,"38":0,"39":0,"40":0,"41":0,"42":0,"43":0,"46":0,"47":0,"48":0,"49":0,"50":0},"branchMap":{"0":{"type":"branch","line":1,"loc":{"start":{"line":1,"column":1907},"end":{"line":51,"column":1}},"locations":[{"start":{"line":1,"column":1907},"end":{"line":51,"column":1}}]}},"b":{"0":[1]},"fnMap":{"0":{"name":"(empty-report)","decl":{"start":{"line":1,"column":1907},"end":{"line":51,"column":1}},"loc":{"start":{"line":1,"column":1907},"end":{"line":51,"column":1}},"line":1}},"f":{"0":1}}
}
